[yango@localhost ~]$ sudo stap --all-modules -e 'probe module("sampleblk").function("sampleblk_request") { print_backtrace() print("===\n") }'
 0xffffffffa04a1030 : sampleblk_request+0x0/0x0 [sampleblk]
 0xffffffff81313793 : __blk_run_queue+0x33/0x40 [kernel]
 0xffffffff8131380a : queue_unplugged+0x2a/0xb0 [kernel]
 0xffffffff81318e81 : blk_flush_plug_list+0x1d1/0x220 [kernel]
 0xffffffff8131928c : blk_finish_plug+0x2c/0x40 [kernel]
 0xffffffffa0729590 : ext4_writepages+0x4e0/0xcf0 [ext4]
 0xffffffff8119cd3e : do_writepages+0x1e/0x30 [kernel]
 0xffffffff81190b66 : __filemap_fdatawrite_range+0xc6/0x100 [kernel]
 0xffffffff811d5d96 : SyS_fadvise64+0x216/0x250 [kernel]
 0xffffffff81003c12 : do_syscall_64+0x62/0x110 [kernel]
 0xffffffff816bb721 : return_from_SYSCALL_64+0x0/0x6a [kernel]
===
 0xffffffffa04a1030 : sampleblk_request+0x0/0x0 [sampleblk]
 0xffffffff81313793 : __blk_run_queue+0x33/0x40 [kernel]
 0xffffffff8131380a : queue_unplugged+0x2a/0xb0 [kernel]
 0xffffffff81318e81 : blk_flush_plug_list+0x1d1/0x220 [kernel]
 0xffffffff8131910b : blk_queue_bio+0x23b/0x390 [kernel]
 0xffffffff81317453 : generic_make_request+0x103/0x1d0 [kernel]
 0xffffffff81317597 : submit_bio+0x77/0x150 [kernel]
 0xffffffffa072d76e : ext4_io_submit+0x3e/0x60 [ext4]
 0xffffffffa072964c : ext4_writepages+0x59c/0xcf0 [ext4]
 0xffffffff8119cd3e : do_writepages+0x1e/0x30 [kernel]
 0xffffffff81190b66 : __filemap_fdatawrite_range+0xc6/0x100 [kernel]
 0xffffffff811d5d96 : SyS_fadvise64+0x216/0x250 [kernel]
 0xffffffff81003c12 : do_syscall_64+0x62/0x110 [kernel]
 0xffffffff816bb721 : return_from_SYSCALL_64+0x0/0x6a [kernel]
===
 0xffffffffa04a1030 : sampleblk_request+0x0/0x0 [sampleblk]
 0xffffffff81313793 : __blk_run_queue+0x33/0x40 [kernel]
 0xffffffff8131380a : queue_unplugged+0x2a/0xb0 [kernel]
 0xffffffff81318e81 : blk_flush_plug_list+0x1d1/0x220 [kernel]
 0xffffffff8131928c : blk_finish_plug+0x2c/0x40 [kernel]
 0xffffffffa0729590 : ext4_writepages+0x4e0/0xcf0 [ext4]
 0xffffffff8119cd3e : do_writepages+0x1e/0x30 [kernel]
 0xffffffff81190b66 : __filemap_fdatawrite_range+0xc6/0x100 [kernel]
 0xffffffff811d5d96 : SyS_fadvise64+0x216/0x250 [kernel]
 0xffffffff81003c12 : do_syscall_64+0x62/0x110 [kernel]
 0xffffffff816bb721 : return_from_SYSCALL_64+0x0/0x6a [kernel]
===
 0xffffffffa04a1030 : sampleblk_request+0x0/0x0 [sampleblk]
 0xffffffff81313793 : __blk_run_queue+0x33/0x40 [kernel]
 0xffffffff8131380a : queue_unplugged+0x2a/0xb0 [kernel]
 0xffffffff81318e81 : blk_flush_plug_list+0x1d1/0x220 [kernel]
 0xffffffff8131910b : blk_queue_bio+0x23b/0x390 [kernel]
 0xffffffff81317453 : generic_make_request+0x103/0x1d0 [kernel]
 0xffffffff81317597 : submit_bio+0x77/0x150 [kernel]
 0xffffffffa072d76e : ext4_io_submit+0x3e/0x60 [ext4]
 0xffffffffa072964c : ext4_writepages+0x59c/0xcf0 [ext4]
 0xffffffff8119cd3e : do_writepages+0x1e/0x30 [kernel]
 0xffffffff81190b66 : __filemap_fdatawrite_range+0xc6/0x100 [kernel]
 0xffffffff811d5d96 : SyS_fadvise64+0x216/0x250 [kernel]
 0xffffffff81003c12 : do_syscall_64+0x62/0x110 [kernel]
 0xffffffff816bb721 : return_from_SYSCALL_64+0x0/0x6a [kernel]
===
 0xffffffffa04a1030 : sampleblk_request+0x0/0x0 [sampleblk]
 0xffffffff81313793 : __blk_run_queue+0x33/0x40 [kernel]
 0xffffffff8131380a : queue_unplugged+0x2a/0xb0 [kernel]
 0xffffffff81318e81 : blk_flush_plug_list+0x1d1/0x220 [kernel]
 0xffffffff8131928c : blk_finish_plug+0x2c/0x40 [kernel]
 0xffffffffa0729590 : ext4_writepages+0x4e0/0xcf0 [ext4]
 0xffffffff8119cd3e : do_writepages+0x1e/0x30 [kernel]
 0xffffffff81190b66 : __filemap_fdatawrite_range+0xc6/0x100 [kernel]
 0xffffffff811d5d96 : SyS_fadvise64+0x216/0x250 [kernel]
 0xffffffff81003c12 : do_syscall_64+0x62/0x110 [kernel]
 0xffffffff816bb721 : return_from_SYSCALL_64+0x0/0x6a [kernel]
===
 0xffffffffa04a1030 : sampleblk_request+0x0/0x0 [sampleblk]
 0xffffffff81313793 : __blk_run_queue+0x33/0x40 [kernel]
 0xffffffff8131380a : queue_unplugged+0x2a/0xb0 [kernel]
 0xffffffff81318e81 : blk_flush_plug_list+0x1d1/0x220 [kernel]
 0xffffffff8131910b : blk_queue_bio+0x23b/0x390 [kernel]
 0xffffffff81317453 : generic_make_request+0x103/0x1d0 [kernel]
 0xffffffff81317597 : submit_bio+0x77/0x150 [kernel]
 0xffffffffa072d76e : ext4_io_submit+0x3e/0x60 [ext4]
 0xffffffffa072964c : ext4_writepages+0x59c/0xcf0 [ext4]
 0xffffffff8119cd3e : do_writepages+0x1e/0x30 [kernel]
 0xffffffff81190b66 : __filemap_fdatawrite_range+0xc6/0x100 [kernel]
 0xffffffff811d5d96 : SyS_fadvise64+0x216/0x250 [kernel]
 0xffffffff81003c12 : do_syscall_64+0x62/0x110 [kernel]
 0xffffffff816bb721 : return_from_SYSCALL_64+0x0/0x6a [kernel]
===
 0xffffffffa04a1030 : sampleblk_request+0x0/0x0 [sampleblk]
 0xffffffff81313793 : __blk_run_queue+0x33/0x40 [kernel]
 0xffffffff8131380a : queue_unplugged+0x2a/0xb0 [kernel]
 0xffffffff81318e81 : blk_flush_plug_list+0x1d1/0x220 [kernel]
 0xffffffff8131928c : blk_finish_plug+0x2c/0x40 [kernel]
 0xffffffffa0729590 : ext4_writepages+0x4e0/0xcf0 [ext4]
 0xffffffff8119cd3e : do_writepages+0x1e/0x30 [kernel]
 0xffffffff81190b66 : __filemap_fdatawrite_range+0xc6/0x100 [kernel]
 0xffffffff811d5d96 : SyS_fadvise64+0x216/0x250 [kernel]
 0xffffffff81003c12 : do_syscall_64+0x62/0x110 [kernel]
 0xffffffff816bb721 : return_from_SYSCALL_64+0x0/0x6a [kernel]
===
 0xffffffffa04a1030 : sampleblk_request+0x0/0x0 [sampleblk]
 0xffffffff81313793 : __blk_run_queue+0x33/0x40 [kernel]
 0xffffffff81316165 : blk_delay_work+0x25/0x40 [kernel]
 0xffffffff810a288f : process_one_work+0x14f/0x400 [kernel]
 0xffffffff810a3185 : worker_thread+0x125/0x4b0 [kernel]
 0xffffffff810a8cd8 : kthread+0xd8/0xf0 [kernel]
 0xffffffff816bb882 : ret_from_fork+0x22/0x40 [kernel]
 0xffffffff810a8c00 : kthread+0x0/0xf0 [kernel] (inexact)
===
 0xffffffffa04a1030 : sampleblk_request+0x0/0x0 [sampleblk]
 0xffffffff81313793 : __blk_run_queue+0x33/0x40 [kernel]
 0xffffffff8131380a : queue_unplugged+0x2a/0xb0 [kernel]
 0xffffffff81318e81 : blk_flush_plug_list+0x1d1/0x220 [kernel]
 0xffffffff8131928c : blk_finish_plug+0x2c/0x40 [kernel]
 0xffffffffa0729590 : ext4_writepages+0x4e0/0xcf0 [ext4]
 0xffffffff8119cd3e : do_writepages+0x1e/0x30 [kernel]
 0xffffffff81190b66 : __filemap_fdatawrite_range+0xc6/0x100 [kernel]
 0xffffffff811d5d96 : SyS_fadvise64+0x216/0x250 [kernel]
 0xffffffff81003c12 : do_syscall_64+0x62/0x110 [kernel]
 0xffffffff816bb721 : return_from_SYSCALL_64+0x0/0x6a [kernel]
===
