# sudo strace -ttt -T -e trace=desc -C -o ~/strace_fio_fs_seq_write_sync_001.log -p 94302

1466326568.892834 write(3, "\0\260\35\0\0\0\0\0\0\320\37\0\0\0\0\0\0\300\35\0\0\0\0\0\0\340\37\0\0\0\0\0"..., 4096) = 4096 <0.000009>
1466326568.892854 close(3)              = 0 <0.000009>
1466326568.892873 open("/mnt/test", O_RDWR|O_CREAT, 0600) = 3 <0.000013>
1466326568.892904 fadvise64(3, 0, 2097152, POSIX_FADV_DONTNEED) = 0 <0.000813>
1466326568.893731 fadvise64(3, 0, 2097152, POSIX_FADV_SEQUENTIAL) = 0 <0.000004>
1466326568.893744 write(3, "\0\260\35\0\0\0\0\0\0\320\37\0\0\0\0\0\0\300\35\0\0\0\0\0\0\340\37\0\0\0\0\0"..., 4096) = 4096 <0.000020>
1466326568.893787 write(3, "\0\260\35\0\0\0\0\0\0\320\37\0\0\0\0\0\0\300\35\0\0\0\0\0\0\340\37\0\0\0\0\0"..., 4096) = 4096 <0.000008>
1466326568.893804 write(3, "\0\260\35\0\0\0\0\0\0\320\37\0\0\0\0\0\0\300\35\0\0\0\0\0\0\340\37\0\0\0\0\0"..., 4096) = 4096 <0.000006>
1466326568.893819 write(3, "\0000\0\0\0\0\0\0\0\320\37\0\0\0\0\0\0\300\35\0\0\0\0\0\0\340\37\0\0\0\0\0"..., 4096) = 4096 <0.000006>
1466326568.893834 write(3, "\0000\0\0\0\0\0\0\0\320\37\0\0\0\0\0\0@\0\0\0\0\0\0\0\340\37\0\0\0\0\0"..., 4096) = 4096 <0.000006>
1466326568.893848 write(3, "\0000\0\0\0\0\0\0\0\320\37\0\0\0\0\0\0@\0\0\0\0\0\0\0\340\37\0\0\0\0\0"..., 4096) = 4096 <0.000006>
1466326568.893863 write(3, "\0000\0\0\0\0\0\0\0\320\37\0\0\0\0\0\0@\0\0\0\0\0\0\0\340\37\0\0\0\0\0"..., 4096) = 4096 <0.000005>
1466326568.893877 write(3, "\0000\0\0\0\0\0\0\0\320\37\0\0\0\0\0\0@\0\0\0\0\0\0\0\340\37\0\0\0\0\0"..., 4096) = 4096 <0.000006>
1466326568.893891 write(3, "\0000\0\0\0\0\0\0\0\320\37\0\0\0\0\0\0@\0\0\0\0\0\0\0\340\37\0\0\0\0\0"..., 4096) = 4096 <0.000006>
1466326568.893905 write(3, "\0000\0\0\0\0\0\0\0\320\37\0\0\0\0\0\0@\0\0\0\0\0\0\0\340\37\0\0\0\0\0"..., 4096) = 4096 <0.000006>
1466326568.893920 write(3, "\0000\0\0\0\0\0\0\0\320\37\0\0\0\0\0\0@\0\0\0\0\0\0\0\340\37\0\0\0\0\0"..., 4096) = 4096 <0.000006>
1466326568.893935 write(3, "\0000\0\0\0\0\0\0\0\320\37\0\0\0\0\0\0@\0\0\0\0\0\0\0\340\37\0\0\0\0\0"..., 4096) = 4096 <0.000005>
1466326568.893949 write(3, "\0000\0\0\0\0\0\0\0\320\37\0\0\0\0\0\0@\0\0\0\0\0\0\0\340\37\0\0\0\0\0"..., 4096) = 4096 <0.000006>
1466326568.893963 write(3, "\0000\0\0\0\0\0\0\0\320\37\0\0\0\0\0\0@\0\0\0\0\0\0\0\340\37\0\0\0\0\0"..., 4096) = 4096 <0.000006>
1466326568.893977 write(3, "\0000\0\0\0\0\0\0\0\320\37\0\0\0\0\0\0@\0\0\0\0\0\0\0\340\37\0\0\0\0\0"..., 4096) = 4096 <0.000006>
1466326568.893992 write(3, "\0000\0\0\0\0\0\0\0\320\37\0\0\0\0\0\0@\0\0\0\0\0\0\0\340\37\0\0\0\0\0"..., 4096) = 4096 <0.000006>
1466326568.894007 write(3, "\0000\0\0\0\0\0\0\0\320\37\0\0\0\0\0\0@\0\0\0\0\0\0\0\340\37\0\0\0\0\0"..., 4096) = 4096 <0.000006>
1466326568.894022 write(3, "\0000\0\0\0\0\0\0\0\320\37\0\0\0\0\0\0@\0\0\0\0\0\0\0\340\37\0\0\0\0\0"..., 4096) = 4096 <0.000006>
1466326568.894036 write(3, "\0000\0\0\0\0\0\0\0\320\37\0\0\0\0\0\0@\0\0\0\0\0\0\0\340\37\0\0\0\0\0"..., 4096) = 4096 <0.000006>
1466326568.894051 write(3, "\0000\0\0\0\0\0\0\0\320\37\0\0\0\0\0\0@\0\0\0\0\0\0\0\340\37\0\0\0\0\0"..., 4096) = 4096 <0.000006>
1466326568.894065 write(3, "\0000\0\0\0\0\0\0\0\320\37\0\0\0\0\0\0@\0\0\0\0\0\0\0\340\37\0\0\0\0\0"..., 4096) = 4096 <0.000005>
1466326568.894080 write(3, "\0000\0\0\0\0\0\0\0\320\37\0\0\0\0\0\0@\0\0\0\0\0\0\0\340\37\0\0\0\0\0"..., 4096) = 4096 <0.000006>
1466326568.894094 write(3, "\0000\0\0\0\0\0\0\0\320\37\0\0\0\0\0\0@\0\0\0\0\0\0\0\340\37\0\0\0\0\0"..., 4096) = 4096 <0.000006>
1466326568.894108 write(3, "\0000\0\0\0\0\0\0\0\320\37\0\0\0\0\0\0@\0\0\0\0\0\0\0\340\37\0\0\0\0\0"..., 4096) = 4096 <0.000006>
1466326568.894123 write(3, "\0000\0\0\0\0\0\0\0\320\37\0\0\0\0\0\0@\0\0\0\0\0\0\0\340\37\0\0\0\0\0"..., 4096) = 4096 <0.000006>
1466326568.894137 write(3, "\0000\0\0\0\0\0\0\0\320\37\0\0\0\0\0\0@\0\0\0\0\0\0\0\340\37\0\0\0\0\0"..., 4096) = 4096 <0.000006>
1466326568.894152 write(3, "\0000\0\0\0\0\0\0\0\320\37\0\0\0\0\0\0@\0\0\0\0\0\0\0\340\37\0\0\0\0\0"..., 4096) = 4096 <0.000006>
1466326568.894166 write(3, "\0000\0\0\0\0\0\0\0\320\37\0\0\0\0\0\0@\0\0\0\0\0\0\0\340\37\0\0\0\0\0"..., 4096) = 4096 <0.000007>
1466326568.894184 write(3, "\0000\0\0\0\0\0\0\0\320\37\0\0\0\0\0\0@\0\0\0\0\0\0\0\340\37\0\0\0\0\0"..., 4096) = 4096 <0.000006>
1466326568.894199 write(3, "\0000\0\0\0\0\0\0\0\320\37\0\0\0\0\0\0@\0\0\0\0\0\0\0\340\37\0\0\0\0\0"..., 4096) = 4096 <0.000006>
1466326568.894214 write(3, "\0000\0\0\0\0\0\0\0\320\37\0\0\0\0\0\0@\0\0\0\0\0\0\0\340\37\0\0\0\0\0"..., 4096) = 4096 <0.000006>
1466326568.894228 write(3, "\0000\0\0\0\0\0\0\0\320\37\0\0\0\0\0\0@\0\0\0\0\0\0\0\340\37\0\0\0\0\0"..., 4096) = 4096 <0.000006>
1466326568.894243 write(3, "\0000\0\0\0\0\0\0\0\320\37\0\0\0\0\0\0@\0\0\0\0\0\0\0\340\37\0\0\0\0\0"..., 4096) = 4096 <0.000006>
1466326568.894257 write(3, "\0000\0\0\0\0\0\0\0\320\37\0\0\0\0\0\0@\0\0\0\0\0\0\0\340\37\0\0\0\0\0"..., 4096) = 4096 <0.000005>
1466326568.894272 write(3, "\0000\0\0\0\0\0\0\0\320\37\0\0\0\0\0\0@\0\0\0\0\0\0\0\340\37\0\0\0\0\0"..., 4096) = 4096 <0.000006>
1466326568.894287 write(3, "\0000\0\0\0\0\0\0\0\320\37\0\0\0\0\0\0@\0\0\0\0\0\0\0\340\37\0\0\0\0\0"..., 4096) = 4096 <0.000006>
1466326568.894301 write(3, "\0000\0\0\0\0\0\0\0\320\37\0\0\0\0\0\0@\0\0\0\0\0\0\0\340\37\0\0\0\0\0"..., 4096) = 4096 <0.000006>
1466326568.894316 write(3, "\0000\0\0\0\0\0\0\0\320\37\0\0\0\0\0\0@\0\0\0\0\0\0\0\340\37\0\0\0\0\0"..., 4096) = 4096 <0.000006>
1466326568.894330 write(3, "\0`\2\0\0\0\0\0\0\320\37\0\0\0\0\0\0@\0\0\0\0\0\0\0\340\37\0\0\0\0\0"..., 4096) = 4096 <0.000005>
1466326568.894345 write(3, "\0`\2\0\0\0\0\0\0\320\37\0\0\0\0\0\0p\2\0\0\0\0\0\0\340\37\0\0\0\0\0"..., 4096) = 4096 <0.000006>
1466326568.894360 write(3, "\0`\2\0\0\0\0\0\0\320\37\0\0\0\0\0\0p\2\0\0\0\0\0\0\200\2\0\0\0\0\0"..., 4096) = 4096 <0.000006>
1466326568.894375 write(3, "\0`\2\0\0\0\0\0\0\320\37\0\0\0\0\0\0p\2\0\0\0\0\0\0\200\2\0\0\0\0\0"..., 4096) = 4096 <0.000007>
1466326568.894390 write(3, "\0`\2\0\0\0\0\0\0\320\37\0\0\0\0\0\0p\2\0\0\0\0\0\0\200\2\0\0\0\0\0"..., 4096) = 4096 <0.000006>
1466326568.894405 write(3, "\0`\2\0\0\0\0\0\0\320\37\0\0\0\0\0\0p\2\0\0\0\0\0\0\200\2\0\0\0\0\0"..., 4096) = 4096 <0.000006>
1466326568.894419 write(3, "\0`\2\0\0\0\0\0\0\320\37\0\0\0\0\0\0p\2\0\0\0\0\0\0\200\2\0\0\0\0\0"..., 4096) = 4096 <0.000006>
1466326568.894434 write(3, "\0`\2\0\0\0\0\0\0\320\37\0\0\0\0\0\0p\2\0\0\0\0\0\0\200\2\0\0\0\0\0"..., 4096) = 4096 <0.000005>
1466326568.894448 write(3, "\0`\2\0\0\0\0\0\0\320\37\0\0\0\0\0\0p\2\0\0\0\0\0\0\200\2\0\0\0\0\0"..., 4096) = 4096 <0.000006>
1466326568.894463 write(3, "\0`\2\0\0\0\0\0\0\320\37\0\0\0\0\0\0p\2\0\0\0\0\0\0\200\2\0\0\0\0\0"..., 4096) = 4096 <0.000006>
1466326568.894477 write(3, "\0`\2\0\0\0\0\0\0\320\37\0\0\0\0\0\0p\2\0\0\0\0\0\0\200\2\0\0\0\0\0"..., 4096) = 4096 <0.000006>
1466326568.894492 write(3, "\0`\2\0\0\0\0\0\0\320\37\0\0\0\0\0\0p\2\0\0\0\0\0\0\200\2\0\0\0\0\0"..., 4096) = 4096 <0.000005>
1466326568.894506 write(3, "\0`\2\0\0\0\0\0\0\320\37\0\0\0\0\0\0p\2\0\0\0\0\0\0\200\2\0\0\0\0\0"..., 4096) = 4096 <0.000006>
1466326568.894520 write(3, "\0`\2\0\0\0\0\0\0\320\37\0\0\0\0\0\0p\2\0\0\0\0\0\0\200\2\0\0\0\0\0"..., 4096) = 4096 <0.000005>
1466326568.894535 write(3, "\0`\2\0\0\0\0\0\0\320\37\0\0\0\0\0\0p\2\0\0\0\0\0\0\200\2\0\0\0\0\0"..., 4096) = 4096 <0.000007>
1466326568.894567 write(3, "\0`\2\0\0\0\0\0\0\320\37\0\0\0\0\0\0p\2\0\0\0\0\0\0\200\2\0\0\0\0\0"..., 4096) = 4096 <0.000007>
1466326568.894586 write(3, "\0`\2\0\0\0\0\0\0\320\37\0\0\0\0\0\0p\2\0\0\0\0\0\0\200\2\0\0\0\0\0"..., 4096) = 4096 <0.000016>
1466326568.894611 write(3, "\0`\2\0\0\0\0\0\0\320\37\0\0\0\0\0\0p\2\0\0\0\0\0\0\200\2\0\0\0\0\0"..., 4096) = 4096 <0.000006>
1466326568.894626 write(3, "\0`\2\0\0\0\0\0\0\320\37\0\0\0\0\0\0p\2\0\0\0\0\0\0\200\2\0\0\0\0\0"..., 4096) = 4096 <0.000006>
1466326568.894640 write(3, "\0`\2\0\0\0\0\0\0\320\37\0\0\0\0\0\0p\2\0\0\0\0\0\0\200\2\0\0\0\0\0"..., 4096) = 4096 <0.000006>
1466326568.894654 write(3, "\0`\2\0\0\0\0\0\0\320\37\0\0\0\0\0\0p\2\0\0\0\0\0\0\200\2\0\0\0\0\0"..., 4096) = 4096 <0.000006>
1466326568.894669 write(3, "\0`\2\0\0\0\0\0\0\320\37\0\0\0\0\0\0p\2\0\0\0\0\0\0\200\2\0\0\0\0\0"..., 4096) = 4096 <0.000006>
1466326568.894686 write(3, "\0`\2\0\0\0\0\0\0\320\37\0\0\0\0\0\0p\2\0\0\0\0\0\0\200\2\0\0\0\0\0"..., 4096) = 4096 <0.000006>
1466326568.894700 write(3, "\0`\2\0\0\0\0\0\0\320\37\0\0\0\0\0\0p\2\0\0\0\0\0\0\200\2\0\0\0\0\0"..., 4096) = 4096 <0.000005>
1466326568.894715 write(3, "\0`\2\0\0\0\0\0\0\320\37\0\0\0\0\0\0p\2\0\0\0\0\0\0\200\2\0\0\0\0\0"..., 4096) = 4096 <0.000006>
1466326568.894729 write(3, "\0`\2\0\0\0\0\0\0\320\37\0\0\0\0\0\0p\2\0\0\0\0\0\0\200\2\0\0\0\0\0"..., 4096) = 4096 <0.000006>
1466326568.894743 write(3, "\0`\2\0\0\0\0\0\0\320\37\0\0\0\0\0\0p\2\0\0\0\0\0\0\200\2\0\0\0\0\0"..., 4096) = 4096 <0.000006>
1466326568.894765 write(3, "\0`\2\0\0\0\0\0\0\320\37\0\0\0\0\0\0p\2\0\0\0\0\0\0\200\2\0\0\0\0\0"..., 4096) = 4096 <0.000009>
1466326568.894786 write(3, "\0`\2\0\0\0\0\0\0\320\37\0\0\0\0\0\0p\2\0\0\0\0\0\0\200\2\0\0\0\0\0"..., 4096) = 4096 <0.000006>
1466326568.894801 write(3, "\0`\2\0\0\0\0\0\0\320\37\0\0\0\0\0\0p\2\0\0\0\0\0\0\200\2\0\0\0\0\0"..., 4096) = 4096 <0.000006>
1466326568.894816 write(3, "\0`\2\0\0\0\0\0\0\320\37\0\0\0\0\0\0p\2\0\0\0\0\0\0\200\2\0\0\0\0\0"..., 4096) = 4096 <0.000006>
1466326568.894831 write(3, "\0`\2\0\0\0\0\0\0\320\37\0\0\0\0\0\0p\2\0\0\0\0\0\0\200\2\0\0\0\0\0"..., 4096) = 4096 <0.000006>
1466326568.894845 write(3, "\0`\4\0\0\0\0\0\0\320\37\0\0\0\0\0\0p\2\0\0\0\0\0\0\200\2\0\0\0\0\0"..., 4096) = 4096 <0.000005>
1466326568.894860 write(3, "\0`\4\0\0\0\0\0\0\320\37\0\0\0\0\0\0p\4\0\0\0\0\0\0\200\2\0\0\0\0\0"..., 4096) = 4096 <0.000026>
1466326568.894900 write(3, "\0`\4\0\0\0\0\0\0\320\37\0\0\0\0\0\0p\4\0\0\0\0\0\0\200\2\0\0\0\0\0"..., 4096) = 4096 <0.000006>
1466326568.894915 write(3, "\0`\4\0\0\0\0\0\0\320\37\0\0\0\0\0\0p\4\0\0\0\0\0\0\200\2\0\0\0\0\0"..., 4096) = 4096 <0.000005>
1466326568.894930 write(3, "\0`\4\0\0\0\0\0\0\320\37\0\0\0\0\0\0p\4\0\0\0\0\0\0\200\2\0\0\0\0\0"..., 4096) = 4096 <0.000006>
1466326568.894945 write(3, "\0`\4\0\0\0\0\0\0\320\37\0\0\0\0\0\0p\4\0\0\0\0\0\0\200\2\0\0\0\0\0"..., 4096) = 4096 <0.000006>
1466326568.894959 write(3, "\0`\4\0\0\0\0\0\0\320\37\0\0\0\0\0\0p\4\0\0\0\0\0\0\200\2\0\0\0\0\0"..., 4096) = 4096 <0.000006>
1466326568.894973 write(3, "\0`\4\0\0\0\0\0\0\320\37\0\0\0\0\0\0p\4\0\0\0\0\0\0\200\2\0\0\0\0\0"..., 4096) = 4096 <0.000006>
1466326568.894989 write(3, "\0`\4\0\0\0\0\0\0\320\37\0\0\0\0\0\0p\4\0\0\0\0\0\0\200\2\0\0\0\0\0"..., 4096) = 4096 <0.000006>
1466326568.895003 write(3, "\0`\4\0\0\0\0\0\0\320\37\0\0\0\0\0\0p\4\0\0\0\0\0\0\200\2\0\0\0\0\0"..., 4096) = 4096 <0.000006>
1466326568.895017 write(3, "\0`\4\0\0\0\0\0\0\320\37\0\0\0\0\0\0p\4\0\0\0\0\0\0\200\2\0\0\0\0\0"..., 4096) = 4096 <0.000005>
1466326568.895032 write(3, "\0`\4\0\0\0\0\0\0\320\37\0\0\0\0\0\0p\4\0\0\0\0\0\0\200\2\0\0\0\0\0"..., 4096) = 4096 <0.000006>
1466326568.895046 write(3, "\0`\4\0\0\0\0\0\0\320\37\0\0\0\0\0\0p\4\0\0\0\0\0\0\200\2\0\0\0\0\0"..., 4096) = 4096 <0.000006>
1466326568.895062 write(3, "\0`\4\0\0\0\0\0\0\320\37\0\0\0\0\0\0p\4\0\0\0\0\0\0\200\2\0\0\0\0\0"..., 4096) = 4096 <0.000006>
1466326568.895076 write(3, "\0`\4\0\0\0\0\0\0\320\37\0\0\0\0\0\0p\4\0\0\0\0\0\0\200\2\0\0\0\0\0"..., 4096) = 4096 <0.000006>
1466326568.895091 write(3, "\0`\4\0\0\0\0\0\0\320\37\0\0\0\0\0\0p\4\0\0\0\0\0\0\200\2\0\0\0\0\0"..., 4096) = 4096 <0.000006>
1466326568.895105 write(3, "\0`\4\0\0\0\0\0\0\320\37\0\0\0\0\0\0p\4\0\0\0\0\0\0\200\2\0\0\0\0\0"..., 4096) = 4096 <0.000006>
1466326568.895119 write(3, "\0`\4\0\0\0\0\0\0\320\37\0\0\0\0\0\0p\4\0\0\0\0\0\0\200\2\0\0\0\0\0"..., 4096) = 4096 <0.000005>
1466326568.895134 write(3, "\0`\4\0\0\0\0\0\0\320\37\0\0\0\0\0\0p\4\0\0\0\0\0\0\200\2\0\0\0\0\0"..., 4096) = 4096 <0.000006>
1466326568.895148 write(3, "\0`\4\0\0\0\0\0\0\320\37\0\0\0\0\0\0p\4\0\0\0\0\0\0\200\2\0\0\0\0\0"..., 4096) = 4096 <0.000006>
1466326568.895163 write(3, "\0`\4\0\0\0\0\0\0\320\37\0\0\0\0\0\0p\4\0\0\0\0\0\0\200\2\0\0\0\0\0"..., 4096) = 4096 <0.000006>
1466326568.895177 write(3, "\0`\4\0\0\0\0\0\0\320\37\0\0\0\0\0\0p\4\0\0\0\0\0\0\200\2\0\0\0\0\0"..., 4096) = 4096 <0.000005>
1466326568.895192 write(3, "\0`\4\0\0\0\0\0\0\320\37\0\0\0\0\0\0p\4\0\0\0\0\0\0\200\2\0\0\0\0\0"..., 4096) = 4096 <0.000006>
1466326568.895209 write(3, "\0`\4\0\0\0\0\0\0\320\37\0\0\0\0\0\0p\4\0\0\0\0\0\0\200\2\0\0\0\0\0"..., 4096) = 4096 <0.000006>
1466326568.895224 write(3, "\0`\4\0\0\0\0\0\0\320\37\0\0\0\0\0\0p\4\0\0\0\0\0\0\200\2\0\0\0\0\0"..., 4096) = 4096 <0.000006>
1466326568.895238 write(3, "\0`\4\0\0\0\0\0\0\320\37\0\0\0\0\0\0p\4\0\0\0\0\0\0\200\2\0\0\0\0\0"..., 4096) = 4096 <0.000007>
1466326568.895253 write(3, "\0`\4\0\0\0\0\0\0\320\37\0\0\0\0\0\0p\4\0\0\0\0\0\0\200\2\0\0\0\0\0"..., 4096) = 4096 <0.000006>
1466326568.895268 write(3, "\0`\4\0\0\0\0\0\0\320\37\0\0\0\0\0\0p\4\0\0\0\0\0\0\200\2\0\0\0\0\0"..., 4096) = 4096 <0.000006>
1466326568.895282 write(3, "\0`\4\0\0\0\0\0\0\320\37\0\0\0\0\0\0p\4\0\0\0\0\0\0\200\2\0\0\0\0\0"..., 4096) = 4096 <0.000006>
1466326568.895297 write(3, "\0`\4\0\0\0\0\0\0\320\37\0\0\0\0\0\0p\4\0\0\0\0\0\0\200\2\0\0\0\0\0"..., 4096) = 4096 <0.000006>
1466326568.895311 write(3, "\0`\4\0\0\0\0\0\0\320\37\0\0\0\0\0\0p\4\0\0\0\0\0\0\200\2\0\0\0\0\0"..., 4096) = 4096 <0.000006>
1466326568.895325 write(3, "\0`\4\0\0\0\0\0\0\320\37\0\0\0\0\0\0p\4\0\0\0\0\0\0\200\2\0\0\0\0\0"..., 4096) = 4096 <0.000006>
1466326568.895340 write(3, "\0`\4\0\0\0\0\0\0\320\37\0\0\0\0\0\0p\4\0\0\0\0\0\0\200\2\0\0\0\0\0"..., 4096) = 4096 <0.000006>
1466326568.895354 write(3, "\0p\6\0\0\0\0\0\0\320\37\0\0\0\0\0\0p\4\0\0\0\0\0\0\200\2\0\0\0\0\0"..., 4096) = 4096 <0.000006>
1466326568.895369 write(3, "\0p\6\0\0\0\0\0\0\200\6\0\0\0\0\0\0p\4\0\0\0\0\0\0\200\2\0\0\0\0\0"..., 4096) = 4096 <0.000005>
1466326568.895383 write(3, "\0p\6\0\0\0\0\0\0\200\6\0\0\0\0\0\0p\4\0\0\0\0\0\0\220\6\0\0\0\0\0"..., 4096) = 4096 <0.000006>
1466326568.895397 write(3, "\0p\6\0\0\0\0\0\0\200\6\0\0\0\0\0\0p\4\0\0\0\0\0\0\220\6\0\0\0\0\0"..., 4096) = 4096 <0.000005>
1466326568.895412 write(3, "\0p\6\0\0\0\0\0\0\200\6\0\0\0\0\0\0p\4\0\0\0\0\0\0\220\6\0\0\0\0\0"..., 4096) = 4096 <0.000006>
1466326568.895426 write(3, "\0p\6\0\0\0\0\0\0\200\6\0\0\0\0\0\0p\4\0\0\0\0\0\0\220\6\0\0\0\0\0"..., 4096) = 4096 <0.000006>
1466326568.895440 write(3, "\0p\6\0\0\0\0\0\0\200\6\0\0\0\0\0\0p\4\0\0\0\0\0\0\220\6\0\0\0\0\0"..., 4096) = 4096 <0.000007>
1466326568.895455 write(3, "\0p\6\0\0\0\0\0\0\200\6\0\0\0\0\0\0p\4\0\0\0\0\0\0\220\6\0\0\0\0\0"..., 4096) = 4096 <0.000006>
1466326568.895470 write(3, "\0p\6\0\0\0\0\0\0\200\6\0\0\0\0\0\0p\4\0\0\0\0\0\0\220\6\0\0\0\0\0"..., 4096) = 4096 <0.000006>
1466326568.895484 write(3, "\0p\6\0\0\0\0\0\0\200\6\0\0\0\0\0\0p\4\0\0\0\0\0\0\220\6\0\0\0\0\0"..., 4096) = 4096 <0.000006>
1466326568.895498 write(3, "\0p\6\0\0\0\0\0\0\200\6\0\0\0\0\0\0p\4\0\0\0\0\0\0\220\6\0\0\0\0\0"..., 4096) = 4096 <0.000006>
1466326568.895512 write(3, "\0p\6\0\0\0\0\0\0\200\6\0\0\0\0\0\0p\4\0\0\0\0\0\0\220\6\0\0\0\0\0"..., 4096) = 4096 <0.000005>
1466326568.895527 write(3, "\0p\6\0\0\0\0\0\0\200\6\0\0\0\0\0\0p\4\0\0\0\0\0\0\220\6\0\0\0\0\0"..., 4096) = 4096 <0.000006>
1466326568.895541 write(3, "\0p\6\0\0\0\0\0\0\200\6\0\0\0\0\0\0p\4\0\0\0\0\0\0\220\6\0\0\0\0\0"..., 4096) = 4096 <0.000006>
1466326568.895556 write(3, "\0p\6\0\0\0\0\0\0\200\6\0\0\0\0\0\0p\4\0\0\0\0\0\0\220\6\0\0\0\0\0"..., 4096) = 4096 <0.000005>
1466326568.895570 write(3, "\0p\6\0\0\0\0\0\0\200\6\0\0\0\0\0\0p\4\0\0\0\0\0\0\220\6\0\0\0\0\0"..., 4096) = 4096 <0.000006>
1466326568.895584 write(3, "\0p\6\0\0\0\0\0\0\200\6\0\0\0\0\0\0p\4\0\0\0\0\0\0\220\6\0\0\0\0\0"..., 4096) = 4096 <0.000005>
1466326568.895599 write(3, "\0p\6\0\0\0\0\0\0\200\6\0\0\0\0\0\0p\4\0\0\0\0\0\0\220\6\0\0\0\0\0"..., 4096) = 4096 <0.000006>
1466326568.895613 write(3, "\0p\6\0\0\0\0\0\0\200\6\0\0\0\0\0\0p\4\0\0\0\0\0\0\220\6\0\0\0\0\0"..., 4096) = 4096 <0.000006>
1466326568.895628 write(3, "\0p\6\0\0\0\0\0\0\200\6\0\0\0\0\0\0p\4\0\0\0\0\0\0\220\6\0\0\0\0\0"..., 4096) = 4096 <0.000006>
1466326568.895642 write(3, "\0p\6\0\0\0\0\0\0\200\6\0\0\0\0\0\0p\4\0\0\0\0\0\0\220\6\0\0\0\0\0"..., 4096) = 4096 <0.000006>
1466326568.895657 write(3, "\0p\6\0\0\0\0\0\0\200\6\0\0\0\0\0\0p\4\0\0\0\0\0\0\220\6\0\0\0\0\0"..., 4096) = 4096 <0.000006>
1466326568.895671 write(3, "\0p\6\0\0\0\0\0\0\200\6\0\0\0\0\0\0p\4\0\0\0\0\0\0\220\6\0\0\0\0\0"..., 4096) = 4096 <0.000006>
1466326568.895688 write(3, "\0p\6\0\0\0\0\0\0\200\6\0\0\0\0\0\0p\4\0\0\0\0\0\0\220\6\0\0\0\0\0"..., 4096) = 4096 <0.000006>
1466326568.895703 write(3, "\0p\6\0\0\0\0\0\0\200\6\0\0\0\0\0\0p\4\0\0\0\0\0\0\220\6\0\0\0\0\0"..., 4096) = 4096 <0.000006>
1466326568.895717 write(3, "\0p\6\0\0\0\0\0\0\200\6\0\0\0\0\0\0p\4\0\0\0\0\0\0\220\6\0\0\0\0\0"..., 4096) = 4096 <0.000006>
1466326568.895731 write(3, "\0p\6\0\0\0\0\0\0\200\6\0\0\0\0\0\0p\4\0\0\0\0\0\0\220\6\0\0\0\0\0"..., 4096) = 4096 <0.000005>
1466326568.895746 write(3, "\0p\6\0\0\0\0\0\0\200\6\0\0\0\0\0\0p\4\0\0\0\0\0\0\220\6\0\0\0\0\0"..., 4096) = 4096 <0.000007>
1466326568.895769 write(3, "\0p\6\0\0\0\0\0\0\200\6\0\0\0\0\0\0p\4\0\0\0\0\0\0\220\6\0\0\0\0\0"..., 4096) = 4096 <0.000006>
1466326568.895784 write(3, "\0p\6\0\0\0\0\0\0\200\6\0\0\0\0\0\0p\4\0\0\0\0\0\0\220\6\0\0\0\0\0"..., 4096) = 4096 <0.000006>
1466326568.895798 write(3, "\0p\6\0\0\0\0\0\0\200\6\0\0\0\0\0\0p\4\0\0\0\0\0\0\220\6\0\0\0\0\0"..., 4096) = 4096 <0.000021>
1466326568.895831 write(3, "\0p\6\0\0\0\0\0\0\200\6\0\0\0\0\0\0p\4\0\0\0\0\0\0\220\6\0\0\0\0\0"..., 4096) = 4096 <0.000006>
1466326568.895857 write(3, "\0p\6\0\0\0\0\0\0\200\6\0\0\0\0\0\0p\4\0\0\0\0\0\0\220\6\0\0\0\0\0"..., 4096) = 4096 <0.000006>
1466326568.895871 write(3, "\0\200\10\0\0\0\0\0\0\200\6\0\0\0\0\0\0p\4\0\0\0\0\0\0\220\6\0\0\0\0\0"..., 4096) = 4096 <0.000007>
1466326568.895886 write(3, "\0\200\10\0\0\0\0\0\0\200\6\0\0\0\0\0\0\220\10\0\0\0\0\0\0\220\6\0\0\0\0\0"..., 4096) = 4096 <0.000006>
1466326568.895901 write(3, "\0\200\10\0\0\0\0\0\0\200\6\0\0\0\0\0\0\220\10\0\0\0\0\0\0\220\6\0\0\0\0\0"..., 4096) = 4096 <0.000006>
1466326568.895915 write(3, "\0\200\10\0\0\0\0\0\0\200\6\0\0\0\0\0\0\220\10\0\0\0\0\0\0\220\6\0\0\0\0\0"..., 4096) = 4096 <0.000006>
1466326568.895930 write(3, "\0\200\10\0\0\0\0\0\0\200\6\0\0\0\0\0\0\220\10\0\0\0\0\0\0\220\6\0\0\0\0\0"..., 4096) = 4096 <0.000005>
1466326568.895944 write(3, "\0\200\10\0\0\0\0\0\0\200\6\0\0\0\0\0\0\220\10\0\0\0\0\0\0\220\6\0\0\0\0\0"..., 4096) = 4096 <0.000006>
1466326568.895958 write(3, "\0\200\10\0\0\0\0\0\0\200\6\0\0\0\0\0\0\220\10\0\0\0\0\0\0\220\6\0\0\0\0\0"..., 4096) = 4096 <0.000006>
1466326568.895972 write(3, "\0\200\10\0\0\0\0\0\0\200\6\0\0\0\0\0\0\220\10\0\0\0\0\0\0\220\6\0\0\0\0\0"..., 4096) = 4096 <0.000005>
1466326568.895987 write(3, "\0\200\10\0\0\0\0\0\0\200\6\0\0\0\0\0\0\220\10\0\0\0\0\0\0\220\6\0\0\0\0\0"..., 4096) = 4096 <0.000006>
1466326568.896001 write(3, "\0\200\10\0\0\0\0\0\0\200\6\0\0\0\0\0\0\220\10\0\0\0\0\0\0\220\6\0\0\0\0\0"..., 4096) = 4096 <0.000006>
1466326568.896016 write(3, "\0\200\10\0\0\0\0\0\0\200\6\0\0\0\0\0\0\220\10\0\0\0\0\0\0\220\6\0\0\0\0\0"..., 4096) = 4096 <0.000006>
1466326568.896030 write(3, "\0\200\10\0\0\0\0\0\0\200\6\0\0\0\0\0\0\220\10\0\0\0\0\0\0\220\6\0\0\0\0\0"..., 4096) = 4096 <0.000006>
1466326568.896045 write(3, "\0\200\10\0\0\0\0\0\0\200\6\0\0\0\0\0\0\220\10\0\0\0\0\0\0\220\6\0\0\0\0\0"..., 4096) = 4096 <0.000005>
1466326568.896059 write(3, "\0\200\10\0\0\0\0\0\0\200\6\0\0\0\0\0\0\220\10\0\0\0\0\0\0\220\6\0\0\0\0\0"..., 4096) = 4096 <0.000006>
1466326568.896073 write(3, "\0\200\10\0\0\0\0\0\0\200\6\0\0\0\0\0\0\220\10\0\0\0\0\0\0\220\6\0\0\0\0\0"..., 4096) = 4096 <0.000007>
1466326568.896088 write(3, "\0\200\10\0\0\0\0\0\0\200\6\0\0\0\0\0\0\220\10\0\0\0\0\0\0\220\6\0\0\0\0\0"..., 4096) = 4096 <0.000006>
1466326568.896103 write(3, "\0\200\10\0\0\0\0\0\0\200\6\0\0\0\0\0\0\220\10\0\0\0\0\0\0\220\6\0\0\0\0\0"..., 4096) = 4096 <0.000005>
1466326568.896117 write(3, "\0\200\10\0\0\0\0\0\0\200\6\0\0\0\0\0\0\220\10\0\0\0\0\0\0\220\6\0\0\0\0\0"..., 4096) = 4096 <0.000006>
1466326568.896131 write(3, "\0\200\10\0\0\0\0\0\0\200\6\0\0\0\0\0\0\220\10\0\0\0\0\0\0\220\6\0\0\0\0\0"..., 4096) = 4096 <0.000006>
1466326568.896146 write(3, "\0\200\10\0\0\0\0\0\0\200\6\0\0\0\0\0\0\220\10\0\0\0\0\0\0\220\6\0\0\0\0\0"..., 4096) = 4096 <0.000006>
1466326568.896160 write(3, "\0\200\10\0\0\0\0\0\0\200\6\0\0\0\0\0\0\220\10\0\0\0\0\0\0\220\6\0\0\0\0\0"..., 4096) = 4096 <0.000006>
1466326568.896177 write(3, "\0\200\10\0\0\0\0\0\0\200\6\0\0\0\0\0\0\220\10\0\0\0\0\0\0\220\6\0\0\0\0\0"..., 4096) = 4096 <0.000006>
1466326568.896192 write(3, "\0\200\10\0\0\0\0\0\0\200\6\0\0\0\0\0\0\220\10\0\0\0\0\0\0\220\6\0\0\0\0\0"..., 4096) = 4096 <0.000006>
1466326568.896206 write(3, "\0\200\10\0\0\0\0\0\0\200\6\0\0\0\0\0\0\220\10\0\0\0\0\0\0\220\6\0\0\0\0\0"..., 4096) = 4096 <0.000006>
1466326568.896221 write(3, "\0\200\10\0\0\0\0\0\0\200\6\0\0\0\0\0\0\220\10\0\0\0\0\0\0\220\6\0\0\0\0\0"..., 4096) = 4096 <0.000007>
1466326568.896236 write(3, "\0\200\10\0\0\0\0\0\0\200\6\0\0\0\0\0\0\220\10\0\0\0\0\0\0\220\6\0\0\0\0\0"..., 4096) = 4096 <0.000006>
1466326568.896250 write(3, "\0\200\10\0\0\0\0\0\0\200\6\0\0\0\0\0\0\220\10\0\0\0\0\0\0\220\6\0\0\0\0\0"..., 4096) = 4096 <0.000005>
1466326568.896265 write(3, "\0\200\10\0\0\0\0\0\0\200\6\0\0\0\0\0\0\220\10\0\0\0\0\0\0\220\6\0\0\0\0\0"..., 4096) = 4096 <0.000006>
1466326568.896280 write(3, "\0\200\10\0\0\0\0\0\0\200\6\0\0\0\0\0\0\220\10\0\0\0\0\0\0\220\6\0\0\0\0\0"..., 4096) = 4096 <0.000006>
1466326568.896294 write(3, "\0\200\10\0\0\0\0\0\0\200\6\0\0\0\0\0\0\220\10\0\0\0\0\0\0\220\6\0\0\0\0\0"..., 4096) = 4096 <0.000005>
1466326568.896309 write(3, "\0\200\10\0\0\0\0\0\0\200\6\0\0\0\0\0\0\220\10\0\0\0\0\0\0\220\6\0\0\0\0\0"..., 4096) = 4096 <0.000005>
1466326568.896323 write(3, "\0\200\10\0\0\0\0\0\0\200\6\0\0\0\0\0\0\220\10\0\0\0\0\0\0\220\6\0\0\0\0\0"..., 4096) = 4096 <0.000006>
1466326568.896337 write(3, "\0\200\10\0\0\0\0\0\0\200\6\0\0\0\0\0\0\220\10\0\0\0\0\0\0\220\6\0\0\0\0\0"..., 4096) = 4096 <0.000006>
1466326568.896351 write(3, "\0\200\10\0\0\0\0\0\0\200\6\0\0\0\0\0\0\220\10\0\0\0\0\0\0\220\6\0\0\0\0\0"..., 4096) = 4096 <0.000006>
1466326568.896365 write(3, "\0\200\10\0\0\0\0\0\0\200\6\0\0\0\0\0\0\220\10\0\0\0\0\0\0\220\6\0\0\0\0\0"..., 4096) = 4096 <0.000006>
1466326568.896380 write(3, "\0\260\n\0\0\0\0\0\0\200\6\0\0\0\0\0\0\220\10\0\0\0\0\0\0\220\6\0\0\0\0\0"..., 4096) = 4096 <0.000006>
1466326568.896394 write(3, "\0\260\n\0\0\0\0\0\0\300\n\0\0\0\0\0\0\220\10\0\0\0\0\0\0\220\6\0\0\0\0\0"..., 4096) = 4096 <0.000005>
1466326568.896409 write(3, "\0\260\n\0\0\0\0\0\0\300\n\0\0\0\0\0\0\220\10\0\0\0\0\0\0\320\n\0\0\0\0\0"..., 4096) = 4096 <0.000005>
1466326568.896423 write(3, "\0\260\n\0\0\0\0\0\0\300\n\0\0\0\0\0\0\220\10\0\0\0\0\0\0\320\n\0\0\0\0\0"..., 4096) = 4096 <0.000006>
1466326568.896437 write(3, "\0\260\n\0\0\0\0\0\0\300\n\0\0\0\0\0\0\220\10\0\0\0\0\0\0\320\n\0\0\0\0\0"..., 4096) = 4096 <0.000006>
1466326568.896451 write(3, "\0\260\n\0\0\0\0\0\0\300\n\0\0\0\0\0\0\220\10\0\0\0\0\0\0\320\n\0\0\0\0\0"..., 4096) = 4096 <0.000007>
1466326568.896466 write(3, "\0\260\n\0\0\0\0\0\0\300\n\0\0\0\0\0\0\220\10\0\0\0\0\0\0\320\n\0\0\0\0\0"..., 4096) = 4096 <0.000007>
1466326568.896481 write(3, "\0\260\n\0\0\0\0\0\0\300\n\0\0\0\0\0\0\220\10\0\0\0\0\0\0\320\n\0\0\0\0\0"..., 4096) = 4096 <0.000006>
1466326568.896495 write(3, "\0\260\n\0\0\0\0\0\0\300\n\0\0\0\0\0\0\220\10\0\0\0\0\0\0\320\n\0\0\0\0\0"..., 4096) = 4096 <0.000006>
1466326568.896509 write(3, "\0\260\n\0\0\0\0\0\0\300\n\0\0\0\0\0\0\220\10\0\0\0\0\0\0\320\n\0\0\0\0\0"..., 4096) = 4096 <0.000006>
1466326568.896523 write(3, "\0\260\n\0\0\0\0\0\0\300\n\0\0\0\0\0\0\220\10\0\0\0\0\0\0\320\n\0\0\0\0\0"..., 4096) = 4096 <0.000005>
1466326568.896538 write(3, "\0\260\n\0\0\0\0\0\0\300\n\0\0\0\0\0\0\220\10\0\0\0\0\0\0\320\n\0\0\0\0\0"..., 4096) = 4096 <0.000006>
1466326568.896552 write(3, "\0\260\n\0\0\0\0\0\0\300\n\0\0\0\0\0\0\220\10\0\0\0\0\0\0\320\n\0\0\0\0\0"..., 4096) = 4096 <0.000005>
1466326568.896567 write(3, "\0\260\n\0\0\0\0\0\0\300\n\0\0\0\0\0\0\220\10\0\0\0\0\0\0\320\n\0\0\0\0\0"..., 4096) = 4096 <0.000005>
1466326568.896581 write(3, "\0\260\n\0\0\0\0\0\0\300\n\0\0\0\0\0\0\220\10\0\0\0\0\0\0\320\n\0\0\0\0\0"..., 4096) = 4096 <0.000006>
1466326568.896595 write(3, "\0\260\n\0\0\0\0\0\0\300\n\0\0\0\0\0\0\220\10\0\0\0\0\0\0\320\n\0\0\0\0\0"..., 4096) = 4096 <0.000006>
1466326568.896610 write(3, "\0\260\n\0\0\0\0\0\0\300\n\0\0\0\0\0\0\220\10\0\0\0\0\0\0\320\n\0\0\0\0\0"..., 4096) = 4096 <0.000005>
1466326568.896624 write(3, "\0\260\n\0\0\0\0\0\0\300\n\0\0\0\0\0\0\220\10\0\0\0\0\0\0\320\n\0\0\0\0\0"..., 4096) = 4096 <0.000006>
1466326568.896640 write(3, "\0\260\n\0\0\0\0\0\0\300\n\0\0\0\0\0\0\220\10\0\0\0\0\0\0\320\n\0\0\0\0\0"..., 4096) = 4096 <0.000005>
1466326568.896655 write(3, "\0\260\n\0\0\0\0\0\0\300\n\0\0\0\0\0\0\220\10\0\0\0\0\0\0\320\n\0\0\0\0\0"..., 4096) = 4096 <0.000007>
1466326568.896671 write(3, "\0\260\n\0\0\0\0\0\0\300\n\0\0\0\0\0\0\220\10\0\0\0\0\0\0\320\n\0\0\0\0\0"..., 4096) = 4096 <0.000006>
1466326568.896685 write(3, "\0\260\n\0\0\0\0\0\0\300\n\0\0\0\0\0\0\220\10\0\0\0\0\0\0\320\n\0\0\0\0\0"..., 4096) = 4096 <0.000006>
1466326568.896699 write(3, "\0\260\n\0\0\0\0\0\0\300\n\0\0\0\0\0\0\220\10\0\0\0\0\0\0\320\n\0\0\0\0\0"..., 4096) = 4096 <0.000006>
1466326568.896714 write(3, "\0\260\n\0\0\0\0\0\0\300\n\0\0\0\0\0\0\220\10\0\0\0\0\0\0\320\n\0\0\0\0\0"..., 4096) = 4096 <0.000006>
1466326568.896728 write(3, "\0\260\n\0\0\0\0\0\0\300\n\0\0\0\0\0\0\220\10\0\0\0\0\0\0\320\n\0\0\0\0\0"..., 4096) = 4096 <0.000006>
1466326568.896742 write(3, "\0\260\n\0\0\0\0\0\0\300\n\0\0\0\0\0\0\220\10\0\0\0\0\0\0\320\n\0\0\0\0\0"..., 4096) = 4096 <0.000006>
1466326568.896756 write(3, "\0\260\n\0\0\0\0\0\0\300\n\0\0\0\0\0\0\220\10\0\0\0\0\0\0\320\n\0\0\0\0\0"..., 4096) = 4096 <0.000008>
1466326568.896781 write(3, "\0\260\n\0\0\0\0\0\0\300\n\0\0\0\0\0\0\220\10\0\0\0\0\0\0\320\n\0\0\0\0\0"..., 4096) = 4096 <0.000006>
1466326568.896796 write(3, "\0\260\n\0\0\0\0\0\0\300\n\0\0\0\0\0\0\220\10\0\0\0\0\0\0\320\n\0\0\0\0\0"..., 4096) = 4096 <0.000006>
1466326568.896810 write(3, "\0\260\n\0\0\0\0\0\0\300\n\0\0\0\0\0\0\220\10\0\0\0\0\0\0\320\n\0\0\0\0\0"..., 4096) = 4096 <0.000005>
1466326568.896825 write(3, "\0\260\n\0\0\0\0\0\0\300\n\0\0\0\0\0\0\220\10\0\0\0\0\0\0\320\n\0\0\0\0\0"..., 4096) = 4096 <0.000006>
1466326568.896839 write(3, "\0\260\n\0\0\0\0\0\0\300\n\0\0\0\0\0\0\220\10\0\0\0\0\0\0\320\n\0\0\0\0\0"..., 4096) = 4096 <0.000006>
1466326568.896854 write(3, "\0\260\n\0\0\0\0\0\0\300\n\0\0\0\0\0\0\220\10\0\0\0\0\0\0\320\n\0\0\0\0\0"..., 4096) = 4096 <0.000005>
1466326568.896868 write(3, "\0\260\n\0\0\0\0\0\0\300\n\0\0\0\0\0\0\220\10\0\0\0\0\0\0\320\n\0\0\0\0\0"..., 4096) = 4096 <0.000006>
1466326568.896883 write(3, "\0\260\n\0\0\0\0\0\0\300\n\0\0\0\0\0\0\220\10\0\0\0\0\0\0\320\n\0\0\0\0\0"..., 4096) = 4096 <0.000006>
1466326568.896898 write(3, "\0\340\f\0\0\0\0\0\0\300\n\0\0\0\0\0\0\220\10\0\0\0\0\0\0\320\n\0\0\0\0\0"..., 4096) = 4096 <0.000006>
1466326568.896912 write(3, "\0\340\f\0\0\0\0\0\0\300\n\0\0\0\0\0\0\360\f\0\0\0\0\0\0\320\n\0\0\0\0\0"..., 4096) = 4096 <0.000005>
1466326568.896927 write(3, "\0\340\f\0\0\0\0\0\0\300\n\0\0\0\0\0\0\360\f\0\0\0\0\0\0\320\n\0\0\0\0\0"..., 4096) = 4096 <0.000006>
1466326568.896941 write(3, "\0\340\f\0\0\0\0\0\0\300\n\0\0\0\0\0\0\360\f\0\0\0\0\0\0\320\n\0\0\0\0\0"..., 4096) = 4096 <0.000006>
1466326568.896955 write(3, "\0\340\f\0\0\0\0\0\0\300\n\0\0\0\0\0\0\360\f\0\0\0\0\0\0\320\n\0\0\0\0\0"..., 4096) = 4096 <0.000005>
1466326568.896970 write(3, "\0\340\f\0\0\0\0\0\0\300\n\0\0\0\0\0\0\360\f\0\0\0\0\0\0\320\n\0\0\0\0\0"..., 4096) = 4096 <0.000006>
1466326568.896984 write(3, "\0\340\f\0\0\0\0\0\0\300\n\0\0\0\0\0\0\360\f\0\0\0\0\0\0\320\n\0\0\0\0\0"..., 4096) = 4096 <0.000006>
1466326568.896998 write(3, "\0\340\f\0\0\0\0\0\0\300\n\0\0\0\0\0\0\360\f\0\0\0\0\0\0\320\n\0\0\0\0\0"..., 4096) = 4096 <0.000005>
1466326568.897013 write(3, "\0\340\f\0\0\0\0\0\0\300\n\0\0\0\0\0\0\360\f\0\0\0\0\0\0\320\n\0\0\0\0\0"..., 4096) = 4096 <0.000006>
1466326568.897027 write(3, "\0\340\f\0\0\0\0\0\0\300\n\0\0\0\0\0\0\360\f\0\0\0\0\0\0\320\n\0\0\0\0\0"..., 4096) = 4096 <0.000006>
1466326568.897042 write(3, "\0\340\f\0\0\0\0\0\0\300\n\0\0\0\0\0\0\360\f\0\0\0\0\0\0\320\n\0\0\0\0\0"..., 4096) = 4096 <0.000006>
1466326568.897057 write(3, "\0\340\f\0\0\0\0\0\0\300\n\0\0\0\0\0\0\360\f\0\0\0\0\0\0\320\n\0\0\0\0\0"..., 4096) = 4096 <0.000010>
1466326568.897092 write(3, "\0\340\f\0\0\0\0\0\0\300\n\0\0\0\0\0\0\360\f\0\0\0\0\0\0\320\n\0\0\0\0\0"..., 4096) = 4096 <0.000007>
1466326568.897119 write(3, "\0\340\f\0\0\0\0\0\0\300\n\0\0\0\0\0\0\360\f\0\0\0\0\0\0\320\n\0\0\0\0\0"..., 4096) = 4096 <0.000006>
1466326568.897136 write(3, "\0\340\f\0\0\0\0\0\0\300\n\0\0\0\0\0\0\360\f\0\0\0\0\0\0\320\n\0\0\0\0\0"..., 4096) = 4096 <0.000007>
1466326568.897152 write(3, "\0\340\f\0\0\0\0\0\0\300\n\0\0\0\0\0\0\360\f\0\0\0\0\0\0\320\n\0\0\0\0\0"..., 4096) = 4096 <0.000006>
1466326568.897167 write(3, "\0\340\f\0\0\0\0\0\0\300\n\0\0\0\0\0\0\360\f\0\0\0\0\0\0\320\n\0\0\0\0\0"..., 4096) = 4096 <0.000005>
1466326568.897181 write(3, "\0\340\f\0\0\0\0\0\0\300\n\0\0\0\0\0\0\360\f\0\0\0\0\0\0\320\n\0\0\0\0\0"..., 4096) = 4096 <0.000006>
1466326568.897195 write(3, "\0\340\f\0\0\0\0\0\0\300\n\0\0\0\0\0\0\360\f\0\0\0\0\0\0\320\n\0\0\0\0\0"..., 4096) = 4096 <0.000006>
1466326568.897210 write(3, "\0\340\f\0\0\0\0\0\0\300\n\0\0\0\0\0\0\360\f\0\0\0\0\0\0\320\n\0\0\0\0\0"..., 4096) = 4096 <0.000005>
1466326568.897224 write(3, "\0\340\f\0\0\0\0\0\0\300\n\0\0\0\0\0\0\360\f\0\0\0\0\0\0\320\n\0\0\0\0\0"..., 4096) = 4096 <0.000006>
1466326568.897238 write(3, "\0\340\f\0\0\0\0\0\0\300\n\0\0\0\0\0\0\360\f\0\0\0\0\0\0\320\n\0\0\0\0\0"..., 4096) = 4096 <0.000006>
1466326568.897253 write(3, "\0\340\f\0\0\0\0\0\0\300\n\0\0\0\0\0\0\360\f\0\0\0\0\0\0\320\n\0\0\0\0\0"..., 4096) = 4096 <0.000006>
1466326568.897267 write(3, "\0\340\f\0\0\0\0\0\0\300\n\0\0\0\0\0\0\360\f\0\0\0\0\0\0\320\n\0\0\0\0\0"..., 4096) = 4096 <0.000006>
1466326568.897282 write(3, "\0\340\f\0\0\0\0\0\0\300\n\0\0\0\0\0\0\360\f\0\0\0\0\0\0\320\n\0\0\0\0\0"..., 4096) = 4096 <0.000005>
1466326568.897296 write(3, "\0\340\f\0\0\0\0\0\0\300\n\0\0\0\0\0\0\360\f\0\0\0\0\0\0\320\n\0\0\0\0\0"..., 4096) = 4096 <0.000006>
1466326568.897311 write(3, "\0\340\f\0\0\0\0\0\0\300\n\0\0\0\0\0\0\360\f\0\0\0\0\0\0\320\n\0\0\0\0\0"..., 4096) = 4096 <0.000006>
1466326568.897325 write(3, "\0\340\f\0\0\0\0\0\0\300\n\0\0\0\0\0\0\360\f\0\0\0\0\0\0\320\n\0\0\0\0\0"..., 4096) = 4096 <0.000006>
1466326568.897340 write(3, "\0\340\f\0\0\0\0\0\0\300\n\0\0\0\0\0\0\360\f\0\0\0\0\0\0\320\n\0\0\0\0\0"..., 4096) = 4096 <0.000005>
1466326568.897354 write(3, "\0\340\f\0\0\0\0\0\0\300\n\0\0\0\0\0\0\360\f\0\0\0\0\0\0\320\n\0\0\0\0\0"..., 4096) = 4096 <0.000006>
1466326568.897368 write(3, "\0\340\f\0\0\0\0\0\0\300\n\0\0\0\0\0\0\360\f\0\0\0\0\0\0\320\n\0\0\0\0\0"..., 4096) = 4096 <0.000006>
1466326568.897382 write(3, "\0\340\f\0\0\0\0\0\0\300\n\0\0\0\0\0\0\360\f\0\0\0\0\0\0\320\n\0\0\0\0\0"..., 4096) = 4096 <0.000006>
1466326568.897397 write(3, "\0\340\f\0\0\0\0\0\0\300\n\0\0\0\0\0\0\360\f\0\0\0\0\0\0\320\n\0\0\0\0\0"..., 4096) = 4096 <0.000006>
1466326568.897411 write(3, "\0\360\16\0\0\0\0\0\0\300\n\0\0\0\0\0\0\360\f\0\0\0\0\0\0\320\n\0\0\0\0\0"..., 4096) = 4096 <0.000005>
1466326568.897426 write(3, "\0\360\16\0\0\0\0\0\0\300\n\0\0\0\0\0\0\0\17\0\0\0\0\0\0\320\n\0\0\0\0\0"..., 4096) = 4096 <0.000006>
1466326568.897440 write(3, "\0\360\16\0\0\0\0\0\0\300\n\0\0\0\0\0\0\0\17\0\0\0\0\0\0\320\n\0\0\0\0\0"..., 4096) = 4096 <0.000006>
1466326568.897454 write(3, "\0\360\16\0\0\0\0\0\0\300\n\0\0\0\0\0\0\0\17\0\0\0\0\0\0\320\n\0\0\0\0\0"..., 4096) = 4096 <0.000005>
1466326568.897469 write(3, "\0\360\16\0\0\0\0\0\0\300\n\0\0\0\0\0\0\0\17\0\0\0\0\0\0\320\n\0\0\0\0\0"..., 4096) = 4096 <0.000006>
1466326568.897484 write(3, "\0\360\16\0\0\0\0\0\0\300\n\0\0\0\0\0\0\0\17\0\0\0\0\0\0\320\n\0\0\0\0\0"..., 4096) = 4096 <0.000006>
1466326568.897498 write(3, "\0\360\16\0\0\0\0\0\0\300\n\0\0\0\0\0\0\0\17\0\0\0\0\0\0\320\n\0\0\0\0\0"..., 4096) = 4096 <0.000007>
1466326568.897513 write(3, "\0\360\16\0\0\0\0\0\0\300\n\0\0\0\0\0\0\0\17\0\0\0\0\0\0\320\n\0\0\0\0\0"..., 4096) = 4096 <0.000006>
1466326568.897527 write(3, "\0\360\16\0\0\0\0\0\0\300\n\0\0\0\0\0\0\0\17\0\0\0\0\0\0\320\n\0\0\0\0\0"..., 4096) = 4096 <0.000005>
1466326568.897542 write(3, "\0\360\16\0\0\0\0\0\0\300\n\0\0\0\0\0\0\0\17\0\0\0\0\0\0\320\n\0\0\0\0\0"..., 4096) = 4096 <0.000006>
1466326568.897556 write(3, "\0\360\16\0\0\0\0\0\0\300\n\0\0\0\0\0\0\0\17\0\0\0\0\0\0\320\n\0\0\0\0\0"..., 4096) = 4096 <0.000005>
1466326568.897571 write(3, "\0\360\16\0\0\0\0\0\0\300\n\0\0\0\0\0\0\0\17\0\0\0\0\0\0\320\n\0\0\0\0\0"..., 4096) = 4096 <0.000006>
1466326568.897588 write(3, "\0\360\16\0\0\0\0\0\0\300\n\0\0\0\0\0\0\0\17\0\0\0\0\0\0\320\n\0\0\0\0\0"..., 4096) = 4096 <0.000005>
1466326568.897603 write(3, "\0\360\16\0\0\0\0\0\0\300\n\0\0\0\0\0\0\0\17\0\0\0\0\0\0\320\n\0\0\0\0\0"..., 4096) = 4096 <0.000006>
1466326568.897617 write(3, "\0\360\16\0\0\0\0\0\0\300\n\0\0\0\0\0\0\0\17\0\0\0\0\0\0\320\n\0\0\0\0\0"..., 4096) = 4096 <0.000006>
1466326568.897632 write(3, "\0\360\16\0\0\0\0\0\0\300\n\0\0\0\0\0\0\0\17\0\0\0\0\0\0\320\n\0\0\0\0\0"..., 4096) = 4096 <0.000006>
1466326568.897646 write(3, "\0\360\16\0\0\0\0\0\0\300\n\0\0\0\0\0\0\0\17\0\0\0\0\0\0\320\n\0\0\0\0\0"..., 4096) = 4096 <0.000005>
1466326568.897661 write(3, "\0\360\16\0\0\0\0\0\0\300\n\0\0\0\0\0\0\0\17\0\0\0\0\0\0\320\n\0\0\0\0\0"..., 4096) = 4096 <0.000006>
1466326568.897675 write(3, "\0\360\16\0\0\0\0\0\0\300\n\0\0\0\0\0\0\0\17\0\0\0\0\0\0\320\n\0\0\0\0\0"..., 4096) = 4096 <0.000006>
1466326568.897689 write(3, "\0\360\16\0\0\0\0\0\0\300\n\0\0\0\0\0\0\0\17\0\0\0\0\0\0\320\n\0\0\0\0\0"..., 4096) = 4096 <0.000006>
1466326568.897704 write(3, "\0\360\16\0\0\0\0\0\0\300\n\0\0\0\0\0\0\0\17\0\0\0\0\0\0\320\n\0\0\0\0\0"..., 4096) = 4096 <0.000006>
1466326568.897719 write(3, "\0\360\16\0\0\0\0\0\0\300\n\0\0\0\0\0\0\0\17\0\0\0\0\0\0\320\n\0\0\0\0\0"..., 4096) = 4096 <0.000006>
1466326568.897733 write(3, "\0\360\16\0\0\0\0\0\0\300\n\0\0\0\0\0\0\0\17\0\0\0\0\0\0\320\n\0\0\0\0\0"..., 4096) = 4096 <0.000006>
1466326568.897748 write(3, "\0\360\16\0\0\0\0\0\0\300\n\0\0\0\0\0\0\0\17\0\0\0\0\0\0\320\n\0\0\0\0\0"..., 4096) = 4096 <0.000006>
1466326568.897771 write(3, "\0\360\16\0\0\0\0\0\0\300\n\0\0\0\0\0\0\0\17\0\0\0\0\0\0\320\n\0\0\0\0\0"..., 4096) = 4096 <0.000007>
1466326568.897787 write(3, "\0\360\16\0\0\0\0\0\0\300\n\0\0\0\0\0\0\0\17\0\0\0\0\0\0\320\n\0\0\0\0\0"..., 4096) = 4096 <0.000006>
1466326568.897802 write(3, "\0\360\16\0\0\0\0\0\0\300\n\0\0\0\0\0\0\0\17\0\0\0\0\0\0\320\n\0\0\0\0\0"..., 4096) = 4096 <0.000006>
1466326568.897817 write(3, "\0\360\16\0\0\0\0\0\0\300\n\0\0\0\0\0\0\0\17\0\0\0\0\0\0\320\n\0\0\0\0\0"..., 4096) = 4096 <0.000006>
1466326568.897832 write(3, "\0\360\16\0\0\0\0\0\0\300\n\0\0\0\0\0\0\0\17\0\0\0\0\0\0\320\n\0\0\0\0\0"..., 4096) = 4096 <0.000006>
1466326568.897847 write(3, "\0\360\16\0\0\0\0\0\0\300\n\0\0\0\0\0\0\0\17\0\0\0\0\0\0\320\n\0\0\0\0\0"..., 4096) = 4096 <0.000005>
1466326568.897861 write(3, "\0\360\16\0\0\0\0\0\0\300\n\0\0\0\0\0\0\0\17\0\0\0\0\0\0\320\n\0\0\0\0\0"..., 4096) = 4096 <0.000006>
1466326568.897875 write(3, "\0\360\16\0\0\0\0\0\0\300\n\0\0\0\0\0\0\0\17\0\0\0\0\0\0\320\n\0\0\0\0\0"..., 4096) = 4096 <0.000006>
1466326568.897890 write(3, "\0\360\16\0\0\0\0\0\0\300\n\0\0\0\0\0\0\0\17\0\0\0\0\0\0\320\n\0\0\0\0\0"..., 4096) = 4096 <0.000006>
1466326568.897904 write(3, "\0\360\16\0\0\0\0\0\0\300\n\0\0\0\0\0\0\0\17\0\0\0\0\0\0\320\n\0\0\0\0\0"..., 4096) = 4096 <0.000007>
1466326568.897919 write(3, "\0\20\21\0\0\0\0\0\0\300\n\0\0\0\0\0\0\0\17\0\0\0\0\0\0\320\n\0\0\0\0\0"..., 4096) = 4096 <0.000006>
1466326568.897934 write(3, "\0\20\21\0\0\0\0\0\0 \21\0\0\0\0\0\0\0\17\0\0\0\0\0\0\320\n\0\0\0\0\0"..., 4096) = 4096 <0.000006>
1466326568.897949 write(3, "\0\20\21\0\0\0\0\0\0 \21\0\0\0\0\0\0\0\17\0\0\0\0\0\0000\21\0\0\0\0\0"..., 4096) = 4096 <0.000006>
1466326568.897963 write(3, "\0\20\21\0\0\0\0\0\0 \21\0\0\0\0\0\0\0\17\0\0\0\0\0\0000\21\0\0\0\0\0"..., 4096) = 4096 <0.000006>
1466326568.897978 write(3, "\0\20\21\0\0\0\0\0\0 \21\0\0\0\0\0\0\0\17\0\0\0\0\0\0000\21\0\0\0\0\0"..., 4096) = 4096 <0.000006>
1466326568.897992 write(3, "\0\20\21\0\0\0\0\0\0 \21\0\0\0\0\0\0\0\17\0\0\0\0\0\0000\21\0\0\0\0\0"..., 4096) = 4096 <0.000005>
1466326568.898007 write(3, "\0\20\21\0\0\0\0\0\0 \21\0\0\0\0\0\0\0\17\0\0\0\0\0\0000\21\0\0\0\0\0"..., 4096) = 4096 <0.000006>
1466326568.898021 write(3, "\0\20\21\0\0\0\0\0\0 \21\0\0\0\0\0\0\0\17\0\0\0\0\0\0000\21\0\0\0\0\0"..., 4096) = 4096 <0.000005>
1466326568.898036 write(3, "\0\20\21\0\0\0\0\0\0 \21\0\0\0\0\0\0\0\17\0\0\0\0\0\0000\21\0\0\0\0\0"..., 4096) = 4096 <0.000006>
1466326568.898050 write(3, "\0\20\21\0\0\0\0\0\0 \21\0\0\0\0\0\0\0\17\0\0\0\0\0\0000\21\0\0\0\0\0"..., 4096) = 4096 <0.000006>
1466326568.898067 write(3, "\0\20\21\0\0\0\0\0\0 \21\0\0\0\0\0\0\0\17\0\0\0\0\0\0000\21\0\0\0\0\0"..., 4096) = 4096 <0.000007>
1466326568.898083 write(3, "\0\20\21\0\0\0\0\0\0 \21\0\0\0\0\0\0\0\17\0\0\0\0\0\0000\21\0\0\0\0\0"..., 4096) = 4096 <0.000005>
1466326568.898098 write(3, "\0\20\21\0\0\0\0\0\0 \21\0\0\0\0\0\0\0\17\0\0\0\0\0\0000\21\0\0\0\0\0"..., 4096) = 4096 <0.000006>
1466326568.898113 write(3, "\0\20\21\0\0\0\0\0\0 \21\0\0\0\0\0\0\0\17\0\0\0\0\0\0000\21\0\0\0\0\0"..., 4096) = 4096 <0.000006>
1466326568.898127 write(3, "\0\20\21\0\0\0\0\0\0 \21\0\0\0\0\0\0\0\17\0\0\0\0\0\0000\21\0\0\0\0\0"..., 4096) = 4096 <0.000006>
1466326568.898141 write(3, "\0\20\21\0\0\0\0\0\0 \21\0\0\0\0\0\0\0\17\0\0\0\0\0\0000\21\0\0\0\0\0"..., 4096) = 4096 <0.000006>
1466326568.898156 write(3, "\0\20\21\0\0\0\0\0\0 \21\0\0\0\0\0\0\0\17\0\0\0\0\0\0000\21\0\0\0\0\0"..., 4096) = 4096 <0.000005>
1466326568.898171 write(3, "\0\20\21\0\0\0\0\0\0 \21\0\0\0\0\0\0\0\17\0\0\0\0\0\0000\21\0\0\0\0\0"..., 4096) = 4096 <0.000006>
1466326568.898185 write(3, "\0\20\21\0\0\0\0\0\0 \21\0\0\0\0\0\0\0\17\0\0\0\0\0\0000\21\0\0\0\0\0"..., 4096) = 4096 <0.000005>
1466326568.898200 write(3, "\0\20\21\0\0\0\0\0\0 \21\0\0\0\0\0\0\0\17\0\0\0\0\0\0000\21\0\0\0\0\0"..., 4096) = 4096 <0.000006>
1466326568.898214 write(3, "\0\20\21\0\0\0\0\0\0 \21\0\0\0\0\0\0\0\17\0\0\0\0\0\0000\21\0\0\0\0\0"..., 4096) = 4096 <0.000006>
1466326568.898228 write(3, "\0\20\21\0\0\0\0\0\0 \21\0\0\0\0\0\0\0\17\0\0\0\0\0\0000\21\0\0\0\0\0"..., 4096) = 4096 <0.000005>
1466326568.898243 write(3, "\0\20\21\0\0\0\0\0\0 \21\0\0\0\0\0\0\0\17\0\0\0\0\0\0000\21\0\0\0\0\0"..., 4096) = 4096 <0.000005>
1466326568.898257 write(3, "\0\20\21\0\0\0\0\0\0 \21\0\0\0\0\0\0\0\17\0\0\0\0\0\0000\21\0\0\0\0\0"..., 4096) = 4096 <0.000006>
1466326568.898271 write(3, "\0\20\21\0\0\0\0\0\0 \21\0\0\0\0\0\0\0\17\0\0\0\0\0\0000\21\0\0\0\0\0"..., 4096) = 4096 <0.000006>
1466326568.898286 write(3, "\0\20\21\0\0\0\0\0\0 \21\0\0\0\0\0\0\0\17\0\0\0\0\0\0000\21\0\0\0\0\0"..., 4096) = 4096 <0.000006>
1466326568.898302 write(3, "\0\20\21\0\0\0\0\0\0 \21\0\0\0\0\0\0\0\17\0\0\0\0\0\0000\21\0\0\0\0\0"..., 4096) = 4096 <0.000007>
1466326568.898337 write(3, "\0\20\21\0\0\0\0\0\0 \21\0\0\0\0\0\0\0\17\0\0\0\0\0\0000\21\0\0\0\0\0"..., 4096) = 4096 <0.000009>
1466326568.898358 write(3, "\0\20\21\0\0\0\0\0\0 \21\0\0\0\0\0\0\0\17\0\0\0\0\0\0000\21\0\0\0\0\0"..., 4096) = 4096 <0.000006>
1466326568.898383 write(3, "\0\20\21\0\0\0\0\0\0 \21\0\0\0\0\0\0\0\17\0\0\0\0\0\0000\21\0\0\0\0\0"..., 4096) = 4096 <0.000006>
1466326568.898398 write(3, "\0\20\21\0\0\0\0\0\0 \21\0\0\0\0\0\0\0\17\0\0\0\0\0\0000\21\0\0\0\0\0"..., 4096) = 4096 <0.000005>
1466326568.898412 write(3, "\0\20\21\0\0\0\0\0\0 \21\0\0\0\0\0\0\0\17\0\0\0\0\0\0000\21\0\0\0\0\0"..., 4096) = 4096 <0.000006>
1466326568.898427 write(3, "\0\20\21\0\0\0\0\0\0 \21\0\0\0\0\0\0\0\17\0\0\0\0\0\0000\21\0\0\0\0\0"..., 4096) = 4096 <0.000006>
1466326568.898441 write(3, "\0\20\21\0\0\0\0\0\0 \23\0\0\0\0\0\0\0\17\0\0\0\0\0\0000\21\0\0\0\0\0"..., 4096) = 4096 <0.000006>
1466326568.898456 write(3, "\0\20\21\0\0\0\0\0\0 \23\0\0\0\0\0\0000\23\0\0\0\0\0\0000\21\0\0\0\0\0"..., 4096) = 4096 <0.000006>
1466326568.898471 write(3, "\0\20\21\0\0\0\0\0\0 \23\0\0\0\0\0\0000\23\0\0\0\0\0\0000\21\0\0\0\0\0"..., 4096) = 4096 <0.000006>
1466326568.898485 write(3, "\0\20\21\0\0\0\0\0\0 \23\0\0\0\0\0\0000\23\0\0\0\0\0\0000\21\0\0\0\0\0"..., 4096) = 4096 <0.000006>
1466326568.898499 write(3, "\0\20\21\0\0\0\0\0\0 \23\0\0\0\0\0\0000\23\0\0\0\0\0\0000\21\0\0\0\0\0"..., 4096) = 4096 <0.000005>
1466326568.898514 write(3, "\0\20\21\0\0\0\0\0\0 \23\0\0\0\0\0\0000\23\0\0\0\0\0\0000\21\0\0\0\0\0"..., 4096) = 4096 <0.000005>
1466326568.898528 write(3, "\0\20\21\0\0\0\0\0\0 \23\0\0\0\0\0\0000\23\0\0\0\0\0\0000\21\0\0\0\0\0"..., 4096) = 4096 <0.000006>
1466326568.898542 write(3, "\0\20\21\0\0\0\0\0\0 \23\0\0\0\0\0\0000\23\0\0\0\0\0\0000\21\0\0\0\0\0"..., 4096) = 4096 <0.000007>
1466326568.898558 write(3, "\0\20\21\0\0\0\0\0\0 \23\0\0\0\0\0\0000\23\0\0\0\0\0\0000\21\0\0\0\0\0"..., 4096) = 4096 <0.000007>
1466326568.898576 write(3, "\0\20\21\0\0\0\0\0\0 \23\0\0\0\0\0\0000\23\0\0\0\0\0\0000\21\0\0\0\0\0"..., 4096) = 4096 <0.000006>
1466326568.898590 write(3, "\0\20\21\0\0\0\0\0\0 \23\0\0\0\0\0\0000\23\0\0\0\0\0\0000\21\0\0\0\0\0"..., 4096) = 4096 <0.000006>
1466326568.898605 write(3, "\0\20\21\0\0\0\0\0\0 \23\0\0\0\0\0\0000\23\0\0\0\0\0\0000\21\0\0\0\0\0"..., 4096) = 4096 <0.000006>
1466326568.898619 write(3, "\0\20\21\0\0\0\0\0\0 \23\0\0\0\0\0\0000\23\0\0\0\0\0\0000\21\0\0\0\0\0"..., 4096) = 4096 <0.000006>
1466326568.898633 write(3, "\0\20\21\0\0\0\0\0\0 \23\0\0\0\0\0\0000\23\0\0\0\0\0\0000\21\0\0\0\0\0"..., 4096) = 4096 <0.000005>
1466326568.898648 write(3, "\0\20\21\0\0\0\0\0\0 \23\0\0\0\0\0\0000\23\0\0\0\0\0\0000\21\0\0\0\0\0"..., 4096) = 4096 <0.000006>
1466326568.898663 write(3, "\0\20\21\0\0\0\0\0\0 \23\0\0\0\0\0\0000\23\0\0\0\0\0\0000\21\0\0\0\0\0"..., 4096) = 4096 <0.000006>
1466326568.898677 write(3, "\0\20\21\0\0\0\0\0\0 \23\0\0\0\0\0\0000\23\0\0\0\0\0\0000\21\0\0\0\0\0"..., 4096) = 4096 <0.000006>
1466326568.898691 write(3, "\0\20\21\0\0\0\0\0\0 \23\0\0\0\0\0\0000\23\0\0\0\0\0\0000\21\0\0\0\0\0"..., 4096) = 4096 <0.000005>
1466326568.898706 write(3, "\0\20\21\0\0\0\0\0\0 \23\0\0\0\0\0\0000\23\0\0\0\0\0\0000\21\0\0\0\0\0"..., 4096) = 4096 <0.000006>
1466326568.898720 write(3, "\0\20\21\0\0\0\0\0\0 \23\0\0\0\0\0\0000\23\0\0\0\0\0\0000\21\0\0\0\0\0"..., 4096) = 4096 <0.000006>
1466326568.898734 write(3, "\0\20\21\0\0\0\0\0\0 \23\0\0\0\0\0\0000\23\0\0\0\0\0\0000\21\0\0\0\0\0"..., 4096) = 4096 <0.000006>
1466326568.898750 write(3, "\0\20\21\0\0\0\0\0\0 \23\0\0\0\0\0\0000\23\0\0\0\0\0\0000\21\0\0\0\0\0"..., 4096) = 4096 <0.000011>
1466326568.898773 write(3, "\0\20\21\0\0\0\0\0\0 \23\0\0\0\0\0\0000\23\0\0\0\0\0\0000\21\0\0\0\0\0"..., 4096) = 4096 <0.000006>
1466326568.898789 write(3, "\0\20\21\0\0\0\0\0\0 \23\0\0\0\0\0\0000\23\0\0\0\0\0\0000\21\0\0\0\0\0"..., 4096) = 4096 <0.000006>
1466326568.898803 write(3, "\0\20\21\0\0\0\0\0\0 \23\0\0\0\0\0\0000\23\0\0\0\0\0\0000\21\0\0\0\0\0"..., 4096) = 4096 <0.000006>
1466326568.898817 write(3, "\0\20\21\0\0\0\0\0\0 \23\0\0\0\0\0\0000\23\0\0\0\0\0\0000\21\0\0\0\0\0"..., 4096) = 4096 <0.000005>
1466326568.898832 write(3, "\0\20\21\0\0\0\0\0\0 \23\0\0\0\0\0\0000\23\0\0\0\0\0\0000\21\0\0\0\0\0"..., 4096) = 4096 <0.000006>
1466326568.898846 write(3, "\0\20\21\0\0\0\0\0\0 \23\0\0\0\0\0\0000\23\0\0\0\0\0\0000\21\0\0\0\0\0"..., 4096) = 4096 <0.000006>
1466326568.898861 write(3, "\0\20\21\0\0\0\0\0\0 \23\0\0\0\0\0\0000\23\0\0\0\0\0\0000\21\0\0\0\0\0"..., 4096) = 4096 <0.000006>
1466326568.898875 write(3, "\0\20\21\0\0\0\0\0\0 \23\0\0\0\0\0\0000\23\0\0\0\0\0\0000\21\0\0\0\0\0"..., 4096) = 4096 <0.000005>
1466326568.898890 write(3, "\0\20\21\0\0\0\0\0\0 \23\0\0\0\0\0\0000\23\0\0\0\0\0\0000\21\0\0\0\0\0"..., 4096) = 4096 <0.000006>
1466326568.898904 write(3, "\0\20\21\0\0\0\0\0\0 \23\0\0\0\0\0\0000\23\0\0\0\0\0\0000\21\0\0\0\0\0"..., 4096) = 4096 <0.000006>
1466326568.898919 write(3, "\0\20\21\0\0\0\0\0\0 \23\0\0\0\0\0\0000\23\0\0\0\0\0\0000\21\0\0\0\0\0"..., 4096) = 4096 <0.000006>
1466326568.898933 write(3, "\0\20\21\0\0\0\0\0\0 \23\0\0\0\0\0\0000\23\0\0\0\0\0\0000\21\0\0\0\0\0"..., 4096) = 4096 <0.000006>
1466326568.898948 write(3, "\0@\25\0\0\0\0\0\0 \23\0\0\0\0\0\0000\23\0\0\0\0\0\0000\21\0\0\0\0\0"..., 4096) = 4096 <0.000006>
1466326568.898963 write(3, "\0@\25\0\0\0\0\0\0 \23\0\0\0\0\0\0P\25\0\0\0\0\0\0000\21\0\0\0\0\0"..., 4096) = 4096 <0.000006>
1466326568.898978 write(3, "\0@\25\0\0\0\0\0\0 \23\0\0\0\0\0\0P\25\0\0\0\0\0\0000\21\0\0\0\0\0"..., 4096) = 4096 <0.000005>
1466326568.898992 write(3, "\0@\25\0\0\0\0\0\0 \23\0\0\0\0\0\0P\25\0\0\0\0\0\0000\21\0\0\0\0\0"..., 4096) = 4096 <0.000006>
1466326568.899006 write(3, "\0@\25\0\0\0\0\0\0 \23\0\0\0\0\0\0P\25\0\0\0\0\0\0000\21\0\0\0\0\0"..., 4096) = 4096 <0.000006>
1466326568.899022 write(3, "\0@\25\0\0\0\0\0\0 \23\0\0\0\0\0\0P\25\0\0\0\0\0\0000\21\0\0\0\0\0"..., 4096) = 4096 <0.000006>
1466326568.899036 write(3, "\0@\25\0\0\0\0\0\0 \23\0\0\0\0\0\0P\25\0\0\0\0\0\0000\21\0\0\0\0\0"..., 4096) = 4096 <0.000005>
1466326568.899051 write(3, "\0@\25\0\0\0\0\0\0 \23\0\0\0\0\0\0P\25\0\0\0\0\0\0000\21\0\0\0\0\0"..., 4096) = 4096 <0.000006>
1466326568.899068 write(3, "\0@\25\0\0\0\0\0\0 \23\0\0\0\0\0\0P\25\0\0\0\0\0\0000\21\0\0\0\0\0"..., 4096) = 4096 <0.000006>
1466326568.899083 write(3, "\0@\25\0\0\0\0\0\0 \23\0\0\0\0\0\0P\25\0\0\0\0\0\0000\21\0\0\0\0\0"..., 4096) = 4096 <0.000006>
1466326568.899097 write(3, "\0@\25\0\0\0\0\0\0 \23\0\0\0\0\0\0P\25\0\0\0\0\0\0000\21\0\0\0\0\0"..., 4096) = 4096 <0.000006>
1466326568.899112 write(3, "\0@\25\0\0\0\0\0\0 \23\0\0\0\0\0\0P\25\0\0\0\0\0\0000\21\0\0\0\0\0"..., 4096) = 4096 <0.000006>
1466326568.899126 write(3, "\0@\25\0\0\0\0\0\0 \23\0\0\0\0\0\0P\25\0\0\0\0\0\0000\21\0\0\0\0\0"..., 4096) = 4096 <0.000006>
1466326568.899140 write(3, "\0@\25\0\0\0\0\0\0 \23\0\0\0\0\0\0P\25\0\0\0\0\0\0000\21\0\0\0\0\0"..., 4096) = 4096 <0.000006>
1466326568.899155 write(3, "\0@\25\0\0\0\0\0\0 \23\0\0\0\0\0\0P\25\0\0\0\0\0\0000\21\0\0\0\0\0"..., 4096) = 4096 <0.000006>
1466326568.899170 write(3, "\0@\25\0\0\0\0\0\0 \23\0\0\0\0\0\0P\25\0\0\0\0\0\0000\21\0\0\0\0\0"..., 4096) = 4096 <0.000006>
1466326568.899185 write(3, "\0@\25\0\0\0\0\0\0 \23\0\0\0\0\0\0P\25\0\0\0\0\0\0000\21\0\0\0\0\0"..., 4096) = 4096 <0.000006>
1466326568.899199 write(3, "\0@\25\0\0\0\0\0\0 \23\0\0\0\0\0\0P\25\0\0\0\0\0\0000\21\0\0\0\0\0"..., 4096) = 4096 <0.000006>
1466326568.899213 write(3, "\0@\25\0\0\0\0\0\0 \23\0\0\0\0\0\0P\25\0\0\0\0\0\0000\21\0\0\0\0\0"..., 4096) = 4096 <0.000006>
1466326568.899227 write(3, "\0@\25\0\0\0\0\0\0 \23\0\0\0\0\0\0P\25\0\0\0\0\0\0000\21\0\0\0\0\0"..., 4096) = 4096 <0.000006>
1466326568.899241 write(3, "\0@\25\0\0\0\0\0\0 \23\0\0\0\0\0\0P\25\0\0\0\0\0\0000\21\0\0\0\0\0"..., 4096) = 4096 <0.000005>
1466326568.899256 write(3, "\0@\25\0\0\0\0\0\0 \23\0\0\0\0\0\0P\25\0\0\0\0\0\0000\21\0\0\0\0\0"..., 4096) = 4096 <0.000006>
1466326568.899270 write(3, "\0@\25\0\0\0\0\0\0 \23\0\0\0\0\0\0P\25\0\0\0\0\0\0000\21\0\0\0\0\0"..., 4096) = 4096 <0.000006>
1466326568.899285 write(3, "\0@\25\0\0\0\0\0\0 \23\0\0\0\0\0\0P\25\0\0\0\0\0\0000\21\0\0\0\0\0"..., 4096) = 4096 <0.000005>
1466326568.899299 write(3, "\0@\25\0\0\0\0\0\0 \23\0\0\0\0\0\0P\25\0\0\0\0\0\0000\21\0\0\0\0\0"..., 4096) = 4096 <0.000006>
1466326568.899313 write(3, "\0@\25\0\0\0\0\0\0 \23\0\0\0\0\0\0P\25\0\0\0\0\0\0000\21\0\0\0\0\0"..., 4096) = 4096 <0.000006>
1466326568.899328 write(3, "\0@\25\0\0\0\0\0\0 \23\0\0\0\0\0\0P\25\0\0\0\0\0\0000\21\0\0\0\0\0"..., 4096) = 4096 <0.000006>
1466326568.899342 write(3, "\0@\25\0\0\0\0\0\0 \23\0\0\0\0\0\0P\25\0\0\0\0\0\0000\21\0\0\0\0\0"..., 4096) = 4096 <0.000007>
1466326568.899357 write(3, "\0@\25\0\0\0\0\0\0 \23\0\0\0\0\0\0P\25\0\0\0\0\0\0000\21\0\0\0\0\0"..., 4096) = 4096 <0.000005>
1466326568.899372 write(3, "\0@\25\0\0\0\0\0\0 \23\0\0\0\0\0\0P\25\0\0\0\0\0\0000\21\0\0\0\0\0"..., 4096) = 4096 <0.000006>
1466326568.899386 write(3, "\0@\25\0\0\0\0\0\0 \23\0\0\0\0\0\0P\25\0\0\0\0\0\0000\21\0\0\0\0\0"..., 4096) = 4096 <0.000006>
1466326568.899400 write(3, "\0@\25\0\0\0\0\0\0 \23\0\0\0\0\0\0P\25\0\0\0\0\0\0000\21\0\0\0\0\0"..., 4096) = 4096 <0.000006>
1466326568.899415 write(3, "\0@\25\0\0\0\0\0\0 \23\0\0\0\0\0\0P\25\0\0\0\0\0\0000\21\0\0\0\0\0"..., 4096) = 4096 <0.000006>
1466326568.899429 write(3, "\0@\25\0\0\0\0\0\0 \23\0\0\0\0\0\0P\25\0\0\0\0\0\0000\21\0\0\0\0\0"..., 4096) = 4096 <0.000005>
1466326568.899444 write(3, "\0@\25\0\0\0\0\0\0 \23\0\0\0\0\0\0P\25\0\0\0\0\0\0000\21\0\0\0\0\0"..., 4096) = 4096 <0.000007>
1466326568.899459 write(3, "\0p\27\0\0\0\0\0\0 \23\0\0\0\0\0\0P\25\0\0\0\0\0\0000\21\0\0\0\0\0"..., 4096) = 4096 <0.000006>
1466326568.899473 write(3, "\0p\27\0\0\0\0\0\0\200\27\0\0\0\0\0\0P\25\0\0\0\0\0\0000\21\0\0\0\0\0"..., 4096) = 4096 <0.000005>
1466326568.899488 write(3, "\0p\27\0\0\0\0\0\0\200\27\0\0\0\0\0\0P\25\0\0\0\0\0\0\220\27\0\0\0\0\0"..., 4096) = 4096 <0.000006>
1466326568.899502 write(3, "\0p\27\0\0\0\0\0\0\200\27\0\0\0\0\0\0P\25\0\0\0\0\0\0\220\27\0\0\0\0\0"..., 4096) = 4096 <0.000005>
1466326568.899517 write(3, "\0p\27\0\0\0\0\0\0\200\27\0\0\0\0\0\0P\25\0\0\0\0\0\0\220\27\0\0\0\0\0"..., 4096) = 4096 <0.000005>
1466326568.899531 write(3, "\0p\27\0\0\0\0\0\0\200\27\0\0\0\0\0\0P\25\0\0\0\0\0\0\220\27\0\0\0\0\0"..., 4096) = 4096 <0.000006>
1466326568.899548 write(3, "\0p\27\0\0\0\0\0\0\200\27\0\0\0\0\0\0P\25\0\0\0\0\0\0\220\27\0\0\0\0\0"..., 4096) = 4096 <0.000006>
1466326568.899562 write(3, "\0p\27\0\0\0\0\0\0\200\27\0\0\0\0\0\0P\25\0\0\0\0\0\0\220\27\0\0\0\0\0"..., 4096) = 4096 <0.000005>
1466326568.899592 write(3, "\0p\27\0\0\0\0\0\0\200\27\0\0\0\0\0\0P\25\0\0\0\0\0\0\220\27\0\0\0\0\0"..., 4096) = 4096 <0.000009>
1466326568.899613 write(3, "\0p\27\0\0\0\0\0\0\200\27\0\0\0\0\0\0P\25\0\0\0\0\0\0\220\27\0\0\0\0\0"..., 4096) = 4096 <0.000007>
1466326568.899639 write(3, "\0p\27\0\0\0\0\0\0\200\27\0\0\0\0\0\0P\25\0\0\0\0\0\0\220\27\0\0\0\0\0"..., 4096) = 4096 <0.000005>
1466326568.899653 write(3, "\0p\27\0\0\0\0\0\0\200\27\0\0\0\0\0\0P\25\0\0\0\0\0\0\220\27\0\0\0\0\0"..., 4096) = 4096 <0.000006>
1466326568.899667 write(3, "\0p\27\0\0\0\0\0\0\200\27\0\0\0\0\0\0P\25\0\0\0\0\0\0\220\27\0\0\0\0\0"..., 4096) = 4096 <0.000005>
1466326568.899682 write(3, "\0p\27\0\0\0\0\0\0\200\27\0\0\0\0\0\0P\25\0\0\0\0\0\0\220\27\0\0\0\0\0"..., 4096) = 4096 <0.000006>
1466326568.899696 write(3, "\0p\27\0\0\0\0\0\0\200\27\0\0\0\0\0\0P\25\0\0\0\0\0\0\220\27\0\0\0\0\0"..., 4096) = 4096 <0.000006>
1466326568.899711 write(3, "\0p\27\0\0\0\0\0\0\200\27\0\0\0\0\0\0P\25\0\0\0\0\0\0\220\27\0\0\0\0\0"..., 4096) = 4096 <0.000006>
1466326568.899725 write(3, "\0p\27\0\0\0\0\0\0\200\27\0\0\0\0\0\0P\25\0\0\0\0\0\0\220\27\0\0\0\0\0"..., 4096) = 4096 <0.000006>
1466326568.899740 write(3, "\0p\27\0\0\0\0\0\0\200\27\0\0\0\0\0\0P\25\0\0\0\0\0\0\220\27\0\0\0\0\0"..., 4096) = 4096 <0.000005>
1466326568.899754 write(3, "\0p\27\0\0\0\0\0\0\200\27\0\0\0\0\0\0P\25\0\0\0\0\0\0\220\27\0\0\0\0\0"..., 4096) = 4096 <0.000013>
1466326568.899779 write(3, "\0p\27\0\0\0\0\0\0\200\27\0\0\0\0\0\0P\25\0\0\0\0\0\0\220\27\0\0\0\0\0"..., 4096) = 4096 <0.000007>
1466326568.899794 write(3, "\0p\27\0\0\0\0\0\0\200\27\0\0\0\0\0\0P\25\0\0\0\0\0\0\220\27\0\0\0\0\0"..., 4096) = 4096 <0.000005>
1466326568.899809 write(3, "\0p\27\0\0\0\0\0\0\200\27\0\0\0\0\0\0P\25\0\0\0\0\0\0\220\27\0\0\0\0\0"..., 4096) = 4096 <0.000006>
1466326568.899823 write(3, "\0p\27\0\0\0\0\0\0\200\27\0\0\0\0\0\0P\25\0\0\0\0\0\0\220\27\0\0\0\0\0"..., 4096) = 4096 <0.000006>
1466326568.899838 write(3, "\0p\27\0\0\0\0\0\0\200\27\0\0\0\0\0\0P\25\0\0\0\0\0\0\220\27\0\0\0\0\0"..., 4096) = 4096 <0.000006>
1466326568.899852 write(3, "\0p\27\0\0\0\0\0\0\200\27\0\0\0\0\0\0P\25\0\0\0\0\0\0\220\27\0\0\0\0\0"..., 4096) = 4096 <0.000006>
1466326568.899867 write(3, "\0p\27\0\0\0\0\0\0\200\27\0\0\0\0\0\0P\25\0\0\0\0\0\0\220\27\0\0\0\0\0"..., 4096) = 4096 <0.000006>
1466326568.899881 write(3, "\0p\27\0\0\0\0\0\0\200\27\0\0\0\0\0\0P\25\0\0\0\0\0\0\220\27\0\0\0\0\0"..., 4096) = 4096 <0.000006>
1466326568.899896 write(3, "\0p\27\0\0\0\0\0\0\200\27\0\0\0\0\0\0P\25\0\0\0\0\0\0\220\27\0\0\0\0\0"..., 4096) = 4096 <0.000005>
1466326568.899910 write(3, "\0p\27\0\0\0\0\0\0\200\27\0\0\0\0\0\0P\25\0\0\0\0\0\0\220\27\0\0\0\0\0"..., 4096) = 4096 <0.000006>
1466326568.899924 write(3, "\0p\27\0\0\0\0\0\0\200\27\0\0\0\0\0\0P\25\0\0\0\0\0\0\220\27\0\0\0\0\0"..., 4096) = 4096 <0.000007>
1466326568.899940 write(3, "\0p\27\0\0\0\0\0\0\200\27\0\0\0\0\0\0P\25\0\0\0\0\0\0\220\27\0\0\0\0\0"..., 4096) = 4096 <0.000006>
1466326568.899954 write(3, "\0p\27\0\0\0\0\0\0\200\27\0\0\0\0\0\0P\25\0\0\0\0\0\0\220\27\0\0\0\0\0"..., 4096) = 4096 <0.000006>
1466326568.899968 write(3, "\0p\27\0\0\0\0\0\0\200\27\0\0\0\0\0\0P\25\0\0\0\0\0\0\220\27\0\0\0\0\0"..., 4096) = 4096 <0.000005>
1466326568.899983 write(3, "\0p\27\0\0\0\0\0\0\200\31\0\0\0\0\0\0P\25\0\0\0\0\0\0\220\27\0\0\0\0\0"..., 4096) = 4096 <0.000007>
1466326568.899998 write(3, "\0p\27\0\0\0\0\0\0\200\31\0\0\0\0\0\0P\25\0\0\0\0\0\0\220\31\0\0\0\0\0"..., 4096) = 4096 <0.000006>
1466326568.900012 write(3, "\0p\27\0\0\0\0\0\0\200\31\0\0\0\0\0\0P\25\0\0\0\0\0\0\220\31\0\0\0\0\0"..., 4096) = 4096 <0.000005>
1466326568.900027 write(3, "\0p\27\0\0\0\0\0\0\200\31\0\0\0\0\0\0P\25\0\0\0\0\0\0\220\31\0\0\0\0\0"..., 4096) = 4096 <0.000006>
1466326568.900041 write(3, "\0p\27\0\0\0\0\0\0\200\31\0\0\0\0\0\0P\25\0\0\0\0\0\0\220\31\0\0\0\0\0"..., 4096) = 4096 <0.000006>
1466326568.900058 write(3, "\0p\27\0\0\0\0\0\0\200\31\0\0\0\0\0\0P\25\0\0\0\0\0\0\220\31\0\0\0\0\0"..., 4096) = 4096 <0.000006>
1466326568.900072 write(3, "\0p\27\0\0\0\0\0\0\200\31\0\0\0\0\0\0P\25\0\0\0\0\0\0\220\31\0\0\0\0\0"..., 4096) = 4096 <0.000005>
1466326568.900087 write(3, "\0p\27\0\0\0\0\0\0\200\31\0\0\0\0\0\0P\25\0\0\0\0\0\0\220\31\0\0\0\0\0"..., 4096) = 4096 <0.000006>
1466326568.900101 write(3, "\0p\27\0\0\0\0\0\0\200\31\0\0\0\0\0\0P\25\0\0\0\0\0\0\220\31\0\0\0\0\0"..., 4096) = 4096 <0.000006>
1466326568.900116 write(3, "\0p\27\0\0\0\0\0\0\200\31\0\0\0\0\0\0P\25\0\0\0\0\0\0\220\31\0\0\0\0\0"..., 4096) = 4096 <0.000006>
1466326568.900130 write(3, "\0p\27\0\0\0\0\0\0\200\31\0\0\0\0\0\0P\25\0\0\0\0\0\0\220\31\0\0\0\0\0"..., 4096) = 4096 <0.000006>
1466326568.900144 write(3, "\0p\27\0\0\0\0\0\0\200\31\0\0\0\0\0\0P\25\0\0\0\0\0\0\220\31\0\0\0\0\0"..., 4096) = 4096 <0.000005>
1466326568.900159 write(3, "\0p\27\0\0\0\0\0\0\200\31\0\0\0\0\0\0P\25\0\0\0\0\0\0\220\31\0\0\0\0\0"..., 4096) = 4096 <0.000006>
1466326568.900173 write(3, "\0p\27\0\0\0\0\0\0\200\31\0\0\0\0\0\0P\25\0\0\0\0\0\0\220\31\0\0\0\0\0"..., 4096) = 4096 <0.000007>
1466326568.900188 write(3, "\0p\27\0\0\0\0\0\0\200\31\0\0\0\0\0\0P\25\0\0\0\0\0\0\220\31\0\0\0\0\0"..., 4096) = 4096 <0.000006>
1466326568.900203 write(3, "\0p\27\0\0\0\0\0\0\200\31\0\0\0\0\0\0P\25\0\0\0\0\0\0\220\31\0\0\0\0\0"..., 4096) = 4096 <0.000006>
1466326568.900217 write(3, "\0p\27\0\0\0\0\0\0\200\31\0\0\0\0\0\0P\25\0\0\0\0\0\0\220\31\0\0\0\0\0"..., 4096) = 4096 <0.000005>
1466326568.900232 write(3, "\0p\27\0\0\0\0\0\0\200\31\0\0\0\0\0\0P\25\0\0\0\0\0\0\220\31\0\0\0\0\0"..., 4096) = 4096 <0.000006>
1466326568.900246 write(3, "\0p\27\0\0\0\0\0\0\200\31\0\0\0\0\0\0P\25\0\0\0\0\0\0\220\31\0\0\0\0\0"..., 4096) = 4096 <0.000006>
1466326568.900261 write(3, "\0p\27\0\0\0\0\0\0\200\31\0\0\0\0\0\0P\25\0\0\0\0\0\0\220\31\0\0\0\0\0"..., 4096) = 4096 <0.000006>
1466326568.900275 write(3, "\0p\27\0\0\0\0\0\0\200\31\0\0\0\0\0\0P\25\0\0\0\0\0\0\220\31\0\0\0\0\0"..., 4096) = 4096 <0.000006>
1466326568.900289 write(3, "\0p\27\0\0\0\0\0\0\200\31\0\0\0\0\0\0P\25\0\0\0\0\0\0\220\31\0\0\0\0\0"..., 4096) = 4096 <0.000005>
1466326568.900304 write(3, "\0p\27\0\0\0\0\0\0\200\31\0\0\0\0\0\0P\25\0\0\0\0\0\0\220\31\0\0\0\0\0"..., 4096) = 4096 <0.000006>
1466326568.900318 write(3, "\0p\27\0\0\0\0\0\0\200\31\0\0\0\0\0\0P\25\0\0\0\0\0\0\220\31\0\0\0\0\0"..., 4096) = 4096 <0.000006>
1466326568.900333 write(3, "\0p\27\0\0\0\0\0\0\200\31\0\0\0\0\0\0P\25\0\0\0\0\0\0\220\31\0\0\0\0\0"..., 4096) = 4096 <0.000006>
1466326568.900347 write(3, "\0p\27\0\0\0\0\0\0\200\31\0\0\0\0\0\0P\25\0\0\0\0\0\0\220\31\0\0\0\0\0"..., 4096) = 4096 <0.000006>
1466326568.900362 write(3, "\0p\27\0\0\0\0\0\0\200\31\0\0\0\0\0\0P\25\0\0\0\0\0\0\220\31\0\0\0\0\0"..., 4096) = 4096 <0.000007>
1466326568.900377 write(3, "\0p\27\0\0\0\0\0\0\200\31\0\0\0\0\0\0P\25\0\0\0\0\0\0\220\31\0\0\0\0\0"..., 4096) = 4096 <0.000007>
1466326568.900393 write(3, "\0p\27\0\0\0\0\0\0\200\31\0\0\0\0\0\0P\25\0\0\0\0\0\0\220\31\0\0\0\0\0"..., 4096) = 4096 <0.000006>
1466326568.900407 write(3, "\0p\27\0\0\0\0\0\0\200\31\0\0\0\0\0\0P\25\0\0\0\0\0\0\220\31\0\0\0\0\0"..., 4096) = 4096 <0.000006>
1466326568.900422 write(3, "\0p\27\0\0\0\0\0\0\200\31\0\0\0\0\0\0P\25\0\0\0\0\0\0\220\31\0\0\0\0\0"..., 4096) = 4096 <0.000006>
1466326568.900436 write(3, "\0p\27\0\0\0\0\0\0\200\31\0\0\0\0\0\0P\25\0\0\0\0\0\0\220\31\0\0\0\0\0"..., 4096) = 4096 <0.000006>
1466326568.900451 write(3, "\0p\27\0\0\0\0\0\0\200\31\0\0\0\0\0\0P\25\0\0\0\0\0\0\220\31\0\0\0\0\0"..., 4096) = 4096 <0.000006>
1466326568.900465 write(3, "\0p\27\0\0\0\0\0\0\200\31\0\0\0\0\0\0P\25\0\0\0\0\0\0\220\31\0\0\0\0\0"..., 4096) = 4096 <0.000006>
1466326568.900479 write(3, "\0p\27\0\0\0\0\0\0\200\31\0\0\0\0\0\0P\25\0\0\0\0\0\0\220\31\0\0\0\0\0"..., 4096) = 4096 <0.000005>
1466326568.900494 write(3, "\0p\27\0\0\0\0\0\0\260\33\0\0\0\0\0\0P\25\0\0\0\0\0\0\220\31\0\0\0\0\0"..., 4096) = 4096 <0.000006>
1466326568.900508 write(3, "\0p\27\0\0\0\0\0\0\260\33\0\0\0\0\0\0\300\33\0\0\0\0\0\0\220\31\0\0\0\0\0"..., 4096) = 4096 <0.000006>
1466326568.900525 write(3, "\0p\27\0\0\0\0\0\0\260\33\0\0\0\0\0\0\300\33\0\0\0\0\0\0\220\31\0\0\0\0\0"..., 4096) = 4096 <0.000006>
1466326568.900540 write(3, "\0p\27\0\0\0\0\0\0\260\33\0\0\0\0\0\0\300\33\0\0\0\0\0\0\220\31\0\0\0\0\0"..., 4096) = 4096 <0.000006>
1466326568.900554 write(3, "\0p\27\0\0\0\0\0\0\260\33\0\0\0\0\0\0\300\33\0\0\0\0\0\0\220\31\0\0\0\0\0"..., 4096) = 4096 <0.000006>
1466326568.900568 write(3, "\0p\27\0\0\0\0\0\0\260\33\0\0\0\0\0\0\300\33\0\0\0\0\0\0\220\31\0\0\0\0\0"..., 4096) = 4096 <0.000007>
1466326568.900583 write(3, "\0p\27\0\0\0\0\0\0\260\33\0\0\0\0\0\0\300\33\0\0\0\0\0\0\220\31\0\0\0\0\0"..., 4096) = 4096 <0.000005>
1466326568.900598 write(3, "\0p\27\0\0\0\0\0\0\260\33\0\0\0\0\0\0\300\33\0\0\0\0\0\0\220\31\0\0\0\0\0"..., 4096) = 4096 <0.000005>
1466326568.900612 write(3, "\0p\27\0\0\0\0\0\0\260\33\0\0\0\0\0\0\300\33\0\0\0\0\0\0\220\31\0\0\0\0\0"..., 4096) = 4096 <0.000006>
1466326568.900627 write(3, "\0p\27\0\0\0\0\0\0\260\33\0\0\0\0\0\0\300\33\0\0\0\0\0\0\220\31\0\0\0\0\0"..., 4096) = 4096 <0.000006>
1466326568.900641 write(3, "\0p\27\0\0\0\0\0\0\260\33\0\0\0\0\0\0\300\33\0\0\0\0\0\0\220\31\0\0\0\0\0"..., 4096) = 4096 <0.000006>
1466326568.900656 write(3, "\0p\27\0\0\0\0\0\0\260\33\0\0\0\0\0\0\300\33\0\0\0\0\0\0\220\31\0\0\0\0\0"..., 4096) = 4096 <0.000005>
1466326568.900670 write(3, "\0p\27\0\0\0\0\0\0\260\33\0\0\0\0\0\0\300\33\0\0\0\0\0\0\220\31\0\0\0\0\0"..., 4096) = 4096 <0.000006>
1466326568.900684 write(3, "\0p\27\0\0\0\0\0\0\260\33\0\0\0\0\0\0\300\33\0\0\0\0\0\0\220\31\0\0\0\0\0"..., 4096) = 4096 <0.000006>
1466326568.900699 write(3, "\0p\27\0\0\0\0\0\0\260\33\0\0\0\0\0\0\300\33\0\0\0\0\0\0\220\31\0\0\0\0\0"..., 4096) = 4096 <0.000006>
1466326568.900713 write(3, "\0p\27\0\0\0\0\0\0\260\33\0\0\0\0\0\0\300\33\0\0\0\0\0\0\220\31\0\0\0\0\0"..., 4096) = 4096 <0.000005>
1466326568.900728 write(3, "\0p\27\0\0\0\0\0\0\260\33\0\0\0\0\0\0\300\33\0\0\0\0\0\0\220\31\0\0\0\0\0"..., 4096) = 4096 <0.000006>
1466326568.900742 write(3, "\0p\27\0\0\0\0\0\0\260\33\0\0\0\0\0\0\300\33\0\0\0\0\0\0\220\31\0\0\0\0\0"..., 4096) = 4096 <0.000006>
1466326568.900761 write(3, "\0p\27\0\0\0\0\0\0\260\33\0\0\0\0\0\0\300\33\0\0\0\0\0\0\220\31\0\0\0\0\0"..., 4096) = 4096 <0.000007>
1466326568.900780 write(3, "\0p\27\0\0\0\0\0\0\260\33\0\0\0\0\0\0\300\33\0\0\0\0\0\0\220\31\0\0\0\0\0"..., 4096) = 4096 <0.000006>
1466326568.900796 write(3, "\0p\27\0\0\0\0\0\0\260\33\0\0\0\0\0\0\300\33\0\0\0\0\0\0\220\31\0\0\0\0\0"..., 4096) = 4096 <0.000006>
1466326568.900811 write(3, "\0p\27\0\0\0\0\0\0\260\33\0\0\0\0\0\0\300\33\0\0\0\0\0\0\220\31\0\0\0\0\0"..., 4096) = 4096 <0.000007>
1466326568.900842 write(3, "\0p\27\0\0\0\0\0\0\260\33\0\0\0\0\0\0\300\33\0\0\0\0\0\0\220\31\0\0\0\0\0"..., 4096) = 4096 <0.000009>
1466326568.900863 write(3, "\0p\27\0\0\0\0\0\0\260\33\0\0\0\0\0\0\300\33\0\0\0\0\0\0\220\31\0\0\0\0\0"..., 4096) = 4096 <0.000007>
1466326568.900893 write(3, "\0p\27\0\0\0\0\0\0\260\33\0\0\0\0\0\0\300\33\0\0\0\0\0\0\220\31\0\0\0\0\0"..., 4096) = 4096 <0.000006>
1466326568.900908 write(3, "\0p\27\0\0\0\0\0\0\260\33\0\0\0\0\0\0\300\33\0\0\0\0\0\0\220\31\0\0\0\0\0"..., 4096) = 4096 <0.000005>
1466326568.900922 write(3, "\0p\27\0\0\0\0\0\0\260\33\0\0\0\0\0\0\300\33\0\0\0\0\0\0\220\31\0\0\0\0\0"..., 4096) = 4096 <0.000006>
1466326568.900937 write(3, "\0p\27\0\0\0\0\0\0\260\33\0\0\0\0\0\0\300\33\0\0\0\0\0\0\220\31\0\0\0\0\0"..., 4096) = 4096 <0.000006>
1466326568.900951 write(3, "\0p\27\0\0\0\0\0\0\260\33\0\0\0\0\0\0\300\33\0\0\0\0\0\0\220\31\0\0\0\0\0"..., 4096) = 4096 <0.000006>
1466326568.900966 write(3, "\0p\27\0\0\0\0\0\0\260\33\0\0\0\0\0\0\300\33\0\0\0\0\0\0\220\31\0\0\0\0\0"..., 4096) = 4096 <0.000006>
1466326568.900981 write(3, "\0p\27\0\0\0\0\0\0\260\33\0\0\0\0\0\0\300\33\0\0\0\0\0\0\220\31\0\0\0\0\0"..., 4096) = 4096 <0.000006>
1466326568.900995 write(3, "\0p\27\0\0\0\0\0\0\260\33\0\0\0\0\0\0\300\33\0\0\0\0\0\0\220\31\0\0\0\0\0"..., 4096) = 4096 <0.000005>
1466326568.901010 write(3, "\0p\27\0\0\0\0\0\0\260\35\0\0\0\0\0\0\300\33\0\0\0\0\0\0\220\31\0\0\0\0\0"..., 4096) = 4096 <0.000007>
1466326568.901028 write(3, "\0p\27\0\0\0\0\0\0\260\35\0\0\0\0\0\0\300\33\0\0\0\0\0\0\300\35\0\0\0\0\0"..., 4096) = 4096 <0.000006>
1466326568.901043 write(3, "\0p\27\0\0\0\0\0\0\260\35\0\0\0\0\0\0\300\33\0\0\0\0\0\0\300\35\0\0\0\0\0"..., 4096) = 4096 <0.000006>
1466326568.901057 write(3, "\0p\27\0\0\0\0\0\0\260\35\0\0\0\0\0\0\300\33\0\0\0\0\0\0\300\35\0\0\0\0\0"..., 4096) = 4096 <0.000006>
1466326568.901072 write(3, "\0p\27\0\0\0\0\0\0\260\35\0\0\0\0\0\0\300\33\0\0\0\0\0\0\300\35\0\0\0\0\0"..., 4096) = 4096 <0.000006>
1466326568.901087 write(3, "\0p\27\0\0\0\0\0\0\260\35\0\0\0\0\0\0\300\33\0\0\0\0\0\0\300\35\0\0\0\0\0"..., 4096) = 4096 <0.000006>
1466326568.901102 write(3, "\0p\27\0\0\0\0\0\0\260\35\0\0\0\0\0\0\300\33\0\0\0\0\0\0\300\35\0\0\0\0\0"..., 4096) = 4096 <0.000006>
1466326568.901117 write(3, "\0p\27\0\0\0\0\0\0\260\35\0\0\0\0\0\0\300\33\0\0\0\0\0\0\300\35\0\0\0\0\0"..., 4096) = 4096 <0.000006>
1466326568.901131 write(3, "\0p\27\0\0\0\0\0\0\260\35\0\0\0\0\0\0\300\33\0\0\0\0\0\0\300\35\0\0\0\0\0"..., 4096) = 4096 <0.000006>
1466326568.901146 write(3, "\0p\27\0\0\0\0\0\0\260\35\0\0\0\0\0\0\300\33\0\0\0\0\0\0\300\35\0\0\0\0\0"..., 4096) = 4096 <0.000006>
1466326568.901161 write(3, "\0p\27\0\0\0\0\0\0\260\35\0\0\0\0\0\0\300\33\0\0\0\0\0\0\300\35\0\0\0\0\0"..., 4096) = 4096 <0.000006>
1466326568.901176 write(3, "\0p\27\0\0\0\0\0\0\260\35\0\0\0\0\0\0\300\33\0\0\0\0\0\0\300\35\0\0\0\0\0"..., 4096) = 4096 <0.000006>
1466326568.901190 write(3, "\0p\27\0\0\0\0\0\0\260\35\0\0\0\0\0\0\300\33\0\0\0\0\0\0\300\35\0\0\0\0\0"..., 4096) = 4096 <0.000005>
1466326568.901205 write(3, "\0p\27\0\0\0\0\0\0\260\35\0\0\0\0\0\0\300\33\0\0\0\0\0\0\300\35\0\0\0\0\0"..., 4096) = 4096 <0.000006>
1466326568.901220 write(3, "\0p\27\0\0\0\0\0\0\260\35\0\0\0\0\0\0\300\33\0\0\0\0\0\0\300\35\0\0\0\0\0"..., 4096) = 4096 <0.000007>
1466326568.901235 write(3, "\0p\27\0\0\0\0\0\0\260\35\0\0\0\0\0\0\300\33\0\0\0\0\0\0\300\35\0\0\0\0\0"..., 4096) = 4096 <0.000005>
1466326568.901250 write(3, "\0p\27\0\0\0\0\0\0\260\35\0\0\0\0\0\0\300\33\0\0\0\0\0\0\300\35\0\0\0\0\0"..., 4096) = 4096 <0.000006>
1466326568.901265 write(3, "\0p\27\0\0\0\0\0\0\260\35\0\0\0\0\0\0\300\33\0\0\0\0\0\0\300\35\0\0\0\0\0"..., 4096) = 4096 <0.000006>
1466326568.901280 write(3, "\0p\27\0\0\0\0\0\0\260\35\0\0\0\0\0\0\300\33\0\0\0\0\0\0\300\35\0\0\0\0\0"..., 4096) = 4096 <0.000006>
1466326568.901294 write(3, "\0p\27\0\0\0\0\0\0\260\35\0\0\0\0\0\0\300\33\0\0\0\0\0\0\300\35\0\0\0\0\0"..., 4096) = 4096 <0.000007>
1466326568.901310 write(3, "\0p\27\0\0\0\0\0\0\260\35\0\0\0\0\0\0\300\33\0\0\0\0\0\0\300\35\0\0\0\0\0"..., 4096) = 4096 <0.000006>
1466326568.901324 write(3, "\0p\27\0\0\0\0\0\0\260\35\0\0\0\0\0\0\300\33\0\0\0\0\0\0\300\35\0\0\0\0\0"..., 4096) = 4096 <0.000005>
1466326568.901339 write(3, "\0p\27\0\0\0\0\0\0\260\35\0\0\0\0\0\0\300\33\0\0\0\0\0\0\300\35\0\0\0\0\0"..., 4096) = 4096 <0.000006>
1466326568.901353 write(3, "\0p\27\0\0\0\0\0\0\260\35\0\0\0\0\0\0\300\33\0\0\0\0\0\0\300\35\0\0\0\0\0"..., 4096) = 4096 <0.000006>
1466326568.901368 write(3, "\0p\27\0\0\0\0\0\0\260\35\0\0\0\0\0\0\300\33\0\0\0\0\0\0\300\35\0\0\0\0\0"..., 4096) = 4096 <0.000006>
1466326568.901383 write(3, "\0p\27\0\0\0\0\0\0\260\35\0\0\0\0\0\0\300\33\0\0\0\0\0\0\300\35\0\0\0\0\0"..., 4096) = 4096 <0.000006>
1466326568.901398 write(3, "\0p\27\0\0\0\0\0\0\260\35\0\0\0\0\0\0\300\33\0\0\0\0\0\0\300\35\0\0\0\0\0"..., 4096) = 4096 <0.000006>
1466326568.901412 write(3, "\0p\27\0\0\0\0\0\0\260\35\0\0\0\0\0\0\300\33\0\0\0\0\0\0\300\35\0\0\0\0\0"..., 4096) = 4096 <0.000007>
1466326568.901429 write(3, "\0p\27\0\0\0\0\0\0\260\35\0\0\0\0\0\0\300\33\0\0\0\0\0\0\300\35\0\0\0\0\0"..., 4096) = 4096 <0.000007>
1466326568.901444 write(3, "\0p\27\0\0\0\0\0\0\260\35\0\0\0\0\0\0\300\33\0\0\0\0\0\0\300\35\0\0\0\0\0"..., 4096) = 4096 <0.000006>
1466326568.901459 write(3, "\0p\27\0\0\0\0\0\0\260\35\0\0\0\0\0\0\300\33\0\0\0\0\0\0\300\35\0\0\0\0\0"..., 4096) = 4096 <0.000006>
1466326568.901474 write(3, "\0p\27\0\0\0\0\0\0\260\35\0\0\0\0\0\0\300\33\0\0\0\0\0\0\300\35\0\0\0\0\0"..., 4096) = 4096 <0.000006>
1466326568.901491 write(3, "\0p\27\0\0\0\0\0\0\260\35\0\0\0\0\0\0\300\33\0\0\0\0\0\0\300\35\0\0\0\0\0"..., 4096) = 4096 <0.000006>
1466326568.901505 write(3, "\0p\27\0\0\0\0\0\0\260\35\0\0\0\0\0\0\300\33\0\0\0\0\0\0\300\35\0\0\0\0\0"..., 4096) = 4096 <0.000006>
1466326568.901520 write(3, "\0p\27\0\0\0\0\0\0\320\37\0\0\0\0\0\0\300\33\0\0\0\0\0\0\300\35\0\0\0\0\0"..., 4096) = 4096 <0.000007>
1466326568.901535 write(3, "\0p\27\0\0\0\0\0\0\320\37\0\0\0\0\0\0\300\33\0\0\0\0\0\0\340\37\0\0\0\0\0"..., 4096) = 4096 <0.000006>
1466326568.901551 write(3, "\0p\27\0\0\0\0\0\0\320\37\0\0\0\0\0\0\300\33\0\0\0\0\0\0\340\37\0\0\0\0\0"..., 4096) = 4096 <0.000006>
1466326568.901566 close(3)              = 0 <0.000008>
1466326568.901583 open("/mnt/test", O_RDWR|O_CREAT, 0600) = 3 <0.000010>
1466326568.901604 fadvise64(3, 0, 2097152, POSIX_FADV_DONTNEED) = 0 <0.000729>
1466326568.902347 fadvise64(3, 0, 2097152, POSIX_FADV_SEQUENTIAL) = 0 <0.000004>
1466326568.902360 write(3, "\0p\27\0\0\0\0\0\0\320\37\0\0\0\0\0\0\300\33\0\0\0\0\0\0\340\37\0\0\0\0\0"..., 4096) = 4096 <0.000009>

[...snipped...]

1466326572.053694 write(3, "\0000\36\0\0\0\0\0\0@\36\0\0\0\0\0\0`\34\0\0\0\0\0\0P\36\0\0\0\0\0"..., 4096) = 4096 <0.000015>
1466326572.053725 close(3)              = 0 <0.000011>
1466326572.053762 open("/mnt/test", O_RDWR|O_CREAT, 0600) = 3 <0.000014>
1466326572.053793 fadvise64(3, 0, 2097152, POSIX_FADV_DONTNEED) = 0 <0.000996>
% time     seconds  usecs/call     calls    errors syscall
------ ----------- ----------- --------- --------- ----------------
 72.55    0.192610           2     84992           write
 27.04    0.071788         216       332           fadvise64
  0.28    0.000732           4       166           open
  0.13    0.000355           2       166           close
------ ----------- ----------- --------- --------- ----------------
100.00    0.265485                 85656           total
